[2026-06-18 01:36:15] production.ERROR: The /Users/arthur/Devel/WorkSpaceAI/framework/multi_tenant_saas/bootstrap/cache directory must be present and writable. {"exception":"[object] (Exception(code: 0): The /Users/arthur/Devel/WorkSpaceAI/framework/multi_tenant_saas/bootstrap/cache directory must be present and writable. at /Users/arthur/Devel/WorkSpaceAI/framework/multi_tenant_saas/vendor/laravel/framework/src/Illuminate/Foundation/PackageManifest.php:179)
[stacktrace]
#0 /Users/arthur/Devel/WorkSpaceAI/framework/multi_tenant_saas/vendor/laravel/framework/src/Illuminate/Foundation/PackageManifest.php(132): Illuminate\\Foundation\\PackageManifest->write(Array)
#1 /Users/arthur/Devel/WorkSpaceAI/framework/multi_tenant_saas/vendor/laravel/framework/src/Illuminate/Foundation/PackageManifest.php(108): Illuminate\\Foundation\\PackageManifest->build()
#2 /Users/arthur/Devel/WorkSpaceAI/framework/multi_tenant_saas/vendor/laravel/framework/src/Illuminate/Foundation/PackageManifest.php(90): Illuminate\\Foundation\\PackageManifest->getManifest()
#3 /Users/arthur/Devel/WorkSpaceAI/framework/multi_tenant_saas/vendor/laravel/framework/src/Illuminate/Foundation/PackageManifest.php(79): Illuminate\\Foundation\\PackageManifest->config('aliases')
#4 /Users/arthur/Devel/WorkSpaceAI/framework/multi_tenant_saas/vendor/laravel/framework/src/Illuminate/Foundation/Bootstrap/RegisterFacades.php(26): Illuminate\\Foundation\\PackageManifest->aliases()
#5 /Users/arthur/Devel/WorkSpaceAI/framework/multi_tenant_saas/vendor/laravel/framework/src/Illuminate/Foundation/Application.php(342): Illuminate\\Foundation\\Bootstrap\\RegisterFacades->bootstrap(Object(Illuminate\\Foundation\\Application))
#6 /Users/arthur/Devel/WorkSpaceAI/framework/multi_tenant_saas/vendor/laravel/framework/src/Illuminate/Foundation/Console/Kernel.php(494): Illuminate\\Foundation\\Application->bootstrapWith(Array)
#7 /Users/arthur/Devel/WorkSpaceAI/framework/multi_tenant_saas/vendor/laravel/framework/src/Illuminate/Foundation/Console/Kernel.php(196): Illuminate\\Foundation\\Console\\Kernel->bootstrap()
#8 /Users/arthur/Devel/WorkSpaceAI/framework/multi_tenant_saas/vendor/laravel/framework/src/Illuminate/Foundation/Application.php(1235): Illuminate\\Foundation\\Console\\Kernel->handle(Object(Symfony\\Component\\Console\\Input\\ArgvInput), Object(Symfony\\Component\\Console\\Output\\ConsoleOutput))
#9 /Users/arthur/Devel/WorkSpaceAI/framework/multi_tenant_saas/artisan(9): Illuminate\\Foundation\\Application->handleCommand(Object(Symfony\\Component\\Console\\Input\\ArgvInput))
#10 {main}
"} 
[2026-06-18 04:04:39] local.ERROR: Class "App\Http\Controllers\Controller" not found {"exception":"[object] (Error(code: 0): Class \"App\\Http\\Controllers\\Controller\" not found at /Users/arthur/Devel/WorkSpaceAI/framework/multi_tenant_saas/app/Http/Controllers/TestController.php:9)
[stacktrace]
#0 /Users/arthur/Devel/WorkSpaceAI/framework/multi_tenant_saas/vendor/composer/ClassLoader.php(576): include()
#1 /Users/arthur/Devel/WorkSpaceAI/framework/multi_tenant_saas/vendor/composer/ClassLoader.php(427): {closure:Composer\\Autoload\\ClassLoader::initializeIncludeClosure():575}('/Users/arthur/D...')
#2 [internal function]: Composer\\Autoload\\ClassLoader->loadClass('App\\\\Http\\\\Contro...')
#3 /Users/arthur/Devel/WorkSpaceAI/framework/multi_tenant_saas/vendor/laravel/framework/src/Illuminate/Routing/Route.php(1117): is_a('App\\\\Http\\\\Contro...', 'Illuminate\\\\Rout...', true)
#4 /Users/arthur/Devel/WorkSpaceAI/framework/multi_tenant_saas/vendor/laravel/framework/src/Illuminate/Routing/Route.php(1054): Illuminate\\Routing\\Route->controllerMiddleware()
#5 /Users/arthur/Devel/WorkSpaceAI/framework/multi_tenant_saas/vendor/laravel/framework/src/Illuminate/Routing/Router.php(820): Illuminate\\Routing\\Route->gatherMiddleware()
#6 /Users/arthur/Devel/WorkSpaceAI/framework/multi_tenant_saas/vendor/laravel/framework/src/Illuminate/Routing/Router.php(802): Illuminate\\Routing\\Router->gatherRouteMiddleware(Object(Illuminate\\Routing\\Route))
#7 /Users/arthur/Devel/WorkSpaceAI/framework/multi_tenant_saas/vendor/laravel/framework/src/Illuminate/Routing/Router.php(786): Illuminate\\Routing\\Router->runRouteWithinStack(Object(Illuminate\\Routing\\Route), Object(Illuminate\\Http\\Request))
#8 /Users/arthur/Devel/WorkSpaceAI/framework/multi_tenant_saas/vendor/laravel/framework/src/Illuminate/Routing/Router.php(750): Illuminate\\Routing\\Router->runRoute(Object(Illuminate\\Http\\Request), Object(Illuminate\\Routing\\Route))
#9 /Users/arthur/Devel/WorkSpaceAI/framework/multi_tenant_saas/vendor/laravel/framework/src/Illuminate/Routing/Router.php(739): Illuminate\\Routing\\Router->dispatchToRoute(Object(Illuminate\\Http\\Request))
#10 /Users/arthur/Devel/WorkSpaceAI/framework/multi_tenant_saas/vendor/laravel/framework/src/Illuminate/Foundation/Http/Kernel.php(201): Illuminate\\Routing\\Router->dispatch(Object(Illuminate\\Http\\Request))
#11 /Users/arthur/Devel/WorkSpaceAI/framework/multi_tenant_saas/vendor/laravel/framework/src/Illuminate/Pipeline/Pipeline.php(170): Illuminate\\Foundation\\Http\\Kernel->{closure:Illuminate\\Foundation\\Http\\Kernel::dispatchToRouter():198}(Object(Illuminate\\Http\\Request))
#12 /Users/arthur/Devel/WorkSpaceAI/framework/multi_tenant_saas/vendor/laravel/framework/src/Illuminate/Foundation/Http/Middleware/TransformsRequest.php(21): Illuminate\\Pipeline\\Pipeline->{closure:Illuminate\\Pipeline\\Pipeline::prepareDestination():168}(Object(Illuminate\\Http\\Request))
#13 /Users/arthur/Devel/WorkSpaceAI/framework/multi_tenant_saas/vendor/laravel/framework/src/Illuminate/Foundation/Http/Middleware/ConvertEmptyStringsToNull.php(31): Illuminate\\Foundation\\Http\\Middleware\\TransformsRequest->handle(Object(Illuminate\\Http\\Request), Object(Closure))
#14 /Users/arthur/Devel/WorkSpaceAI/framework/multi_tenant_saas/vendor/laravel/framework/src/Illuminate/Pipeline/Pipeline.php(209): Illuminate\\Foundation\\Http\\Middleware\\ConvertEmptyStringsToNull->handle(Object(Illuminate\\Http\\Request), Object(Closure))
#15 /Users/arthur/Devel/WorkSpaceAI/framework/multi_tenant_saas/vendor/laravel/framework/src/Illuminate/Foundation/Http/Middleware/TransformsRequest.php(21): Illuminate\\Pipeline\\Pipeline->{closure:{closure:Illuminate\\Pipeline\\Pipeline::carry():184}:185}(Object(Illuminate\\Http\\Request))
#16 /Users/arthur/Devel/WorkSpaceAI/framework/multi_tenant_saas/vendor/laravel/framework/src/Illuminate/Foundation/Http/Middleware/TrimStrings.php(51): Illuminate\\Foundation\\Http\\Middleware\\TransformsRequest->handle(Object(Illuminate\\Http\\Request), Object(Closure))
#17 /Users/arthur/Devel/WorkSpaceAI/framework/multi_tenant_saas/vendor/laravel/framework/src/Illuminate/Pipeline/Pipeline.php(209): Illuminate\\Foundation\\Http\\Middleware\\TrimStrings->handle(Object(Illuminate\\Http\\Request), Object(Closure))
#18 /Users/arthur/Devel/WorkSpaceAI/framework/multi_tenant_saas/vendor/laravel/framework/src/Illuminate/Http/Middleware/ValidatePostSize.php(27): Illuminate\\Pipeline\\Pipeline->{closure:{closure:Illuminate\\Pipeline\\Pipeline::carry():184}:185}(Object(Illuminate\\Http\\Request))
#19 /Users/arthur/Devel/WorkSpaceAI/framework/multi_tenant_saas/vendor/laravel/framework/src/Illuminate/Pipeline/Pipeline.php(209): Illuminate\\Http\\Middleware\\ValidatePostSize->handle(Object(Illuminate\\Http\\Request), Object(Closure))
#20 /Users/arthur/Devel/WorkSpaceAI/framework/multi_tenant_saas/vendor/laravel/framework/src/Illuminate/Foundation/Http/Middleware/PreventRequestsDuringMaintenance.php(110): Illuminate\\Pipeline\\Pipeline->{closure:{closure:Illuminate\\Pipeline\\Pipeline::carry():184}:185}(Object(Illuminate\\Http\\Request))
#21 /Users/arthur/Devel/WorkSpaceAI/framework/multi_tenant_saas/vendor/laravel/framework/src/Illuminate/Pipeline/Pipeline.php(209): Illuminate\\Foundation\\Http\\Middleware\\PreventRequestsDuringMaintenance->handle(Object(Illuminate\\Http\\Request), Object(Closure))
#22 /Users/arthur/Devel/WorkSpaceAI/framework/multi_tenant_saas/vendor/laravel/framework/src/Illuminate/Http/Middleware/HandleCors.php(49): Illuminate\\Pipeline\\Pipeline->{closure:{closure:Illuminate\\Pipeline\\Pipeline::carry():184}:185}(Object(Illuminate\\Http\\Request))
#23 /Users/arthur/Devel/WorkSpaceAI/framework/multi_tenant_saas/vendor/laravel/framework/src/Illuminate/Pipeline/Pipeline.php(209): Illuminate\\Http\\Middleware\\HandleCors->handle(Object(Illuminate\\Http\\Request), Object(Closure))
#24 /Users/arthur/Devel/WorkSpaceAI/framework/multi_tenant_saas/vendor/laravel/framework/src/Illuminate/Http/Middleware/TrustProxies.php(58): Illuminate\\Pipeline\\Pipeline->{closure:{closure:Illuminate\\Pipeline\\Pipeline::carry():184}:185}(Object(Illuminate\\Http\\Request))
#25 /Users/arthur/Devel/WorkSpaceAI/framework/multi_tenant_saas/vendor/laravel/framework/src/Illuminate/Pipeline/Pipeline.php(209): Illuminate\\Http\\Middleware\\TrustProxies->handle(Object(Illuminate\\Http\\Request), Object(Closure))
#26 /Users/arthur/Devel/WorkSpaceAI/framework/multi_tenant_saas/vendor/laravel/framework/src/Illuminate/Foundation/Http/Middleware/InvokeDeferredCallbacks.php(22): Illuminate\\Pipeline\\Pipeline->{closure:{closure:Illuminate\\Pipeline\\Pipeline::carry():184}:185}(Object(Illuminate\\Http\\Request))
#27 /Users/arthur/Devel/WorkSpaceAI/framework/multi_tenant_saas/vendor/laravel/framework/src/Illuminate/Pipeline/Pipeline.php(209): Illuminate\\Foundation\\Http\\Middleware\\InvokeDeferredCallbacks->handle(Object(Illuminate\\Http\\Request), Object(Closure))
#28 /Users/arthur/Devel/WorkSpaceAI/framework/multi_tenant_saas/src/Middleware/IdentifyDomain.php(33): Illuminate\\Pipeline\\Pipeline->{closure:{closure:Illuminate\\Pipeline\\Pipeline::carry():184}:185}(Object(Illuminate\\Http\\Request))
#29 /Users/arthur/Devel/WorkSpaceAI/framework/multi_tenant_saas/vendor/laravel/framework/src/Illuminate/Pipeline/Pipeline.php(209): MultiTenantSaas\\Middleware\\IdentifyDomain->handle(Object(Illuminate\\Http\\Request), Object(Closure))
#30 /Users/arthur/Devel/WorkSpaceAI/framework/multi_tenant_saas/vendor/laravel/framework/src/Illuminate/Pipeline/Pipeline.php(127): Illuminate\\Pipeline\\Pipeline->{closure:{closure:Illuminate\\Pipeline\\Pipeline::carry():184}:185}(Object(Illuminate\\Http\\Request))
#31 /Users/arthur/Devel/WorkSpaceAI/framework/multi_tenant_saas/vendor/laravel/framework/src/Illuminate/Foundation/Http/Kernel.php(176): Illuminate\\Pipeline\\Pipeline->then(Object(Closure))
#32 /Users/arthur/Devel/WorkSpaceAI/framework/multi_tenant_saas/vendor/laravel/framework/src/Illuminate/Foundation/Http/Kernel.php(145): Illuminate\\Foundation\\Http\\Kernel->sendRequestThroughRouter(Object(Illuminate\\Http\\Request))
#33 /Users/arthur/Devel/WorkSpaceAI/framework/multi_tenant_saas/vendor/laravel/framework/src/Illuminate/Foundation/Application.php(1220): Illuminate\\Foundation\\Http\\Kernel->handle(Object(Illuminate\\Http\\Request))
#34 /Users/arthur/Devel/WorkSpaceAI/framework/multi_tenant_saas/public/index.php(17): Illuminate\\Foundation\\Application->handleRequest(Object(Illuminate\\Http\\Request))
#35 {main}
"} 
[2026-06-18 04:04:46] local.ERROR: Class "App\Http\Controllers\Controller" not found {"exception":"[object] (Error(code: 0): Class \"App\\Http\\Controllers\\Controller\" not found at /Users/arthur/Devel/WorkSpaceAI/framework/multi_tenant_saas/app/Http/Controllers/TestController.php:9)
[stacktrace]
#0 /Users/arthur/Devel/WorkSpaceAI/framework/multi_tenant_saas/vendor/composer/ClassLoader.php(576): include()
#1 /Users/arthur/Devel/WorkSpaceAI/framework/multi_tenant_saas/vendor/composer/ClassLoader.php(427): {closure:Composer\\Autoload\\ClassLoader::initializeIncludeClosure():575}('/Users/arthur/D...')
#2 [internal function]: Composer\\Autoload\\ClassLoader->loadClass('App\\\\Http\\\\Contro...')
#3 /Users/arthur/Devel/WorkSpaceAI/framework/multi_tenant_saas/vendor/laravel/framework/src/Illuminate/Routing/Route.php(1117): is_a('App\\\\Http\\\\Contro...', 'Illuminate\\\\Rout...', true)
#4 /Users/arthur/Devel/WorkSpaceAI/framework/multi_tenant_saas/vendor/laravel/framework/src/Illuminate/Routing/Route.php(1054): Illuminate\\Routing\\Route->controllerMiddleware()
#5 /Users/arthur/Devel/WorkSpaceAI/framework/multi_tenant_saas/vendor/laravel/framework/src/Illuminate/Routing/Router.php(820): Illuminate\\Routing\\Route->gatherMiddleware()
#6 /Users/arthur/Devel/WorkSpaceAI/framework/multi_tenant_saas/vendor/laravel/framework/src/Illuminate/Routing/Router.php(802): Illuminate\\Routing\\Router->gatherRouteMiddleware(Object(Illuminate\\Routing\\Route))
#7 /Users/arthur/Devel/WorkSpaceAI/framework/multi_tenant_saas/vendor/laravel/framework/src/Illuminate/Routing/Router.php(786): Illuminate\\Routing\\Router->runRouteWithinStack(Object(Illuminate\\Routing\\Route), Object(Illuminate\\Http\\Request))
#8 /Users/arthur/Devel/WorkSpaceAI/framework/multi_tenant_saas/vendor/laravel/framework/src/Illuminate/Routing/Router.php(750): Illuminate\\Routing\\Router->runRoute(Object(Illuminate\\Http\\Request), Object(Illuminate\\Routing\\Route))
#9 /Users/arthur/Devel/WorkSpaceAI/framework/multi_tenant_saas/vendor/laravel/framework/src/Illuminate/Routing/Router.php(739): Illuminate\\Routing\\Router->dispatchToRoute(Object(Illuminate\\Http\\Request))
#10 /Users/arthur/Devel/WorkSpaceAI/framework/multi_tenant_saas/vendor/laravel/framework/src/Illuminate/Foundation/Http/Kernel.php(201): Illuminate\\Routing\\Router->dispatch(Object(Illuminate\\Http\\Request))
#11 /Users/arthur/Devel/WorkSpaceAI/framework/multi_tenant_saas/vendor/laravel/framework/src/Illuminate/Pipeline/Pipeline.php(170): Illuminate\\Foundation\\Http\\Kernel->{closure:Illuminate\\Foundation\\Http\\Kernel::dispatchToRouter():198}(Object(Illuminate\\Http\\Request))
#12 /Users/arthur/Devel/WorkSpaceAI/framework/multi_tenant_saas/vendor/laravel/framework/src/Illuminate/Foundation/Http/Middleware/TransformsRequest.php(21): Illuminate\\Pipeline\\Pipeline->{closure:Illuminate\\Pipeline\\Pipeline::prepareDestination():168}(Object(Illuminate\\Http\\Request))
#13 /Users/arthur/Devel/WorkSpaceAI/framework/multi_tenant_saas/vendor/laravel/framework/src/Illuminate/Foundation/Http/Middleware/ConvertEmptyStringsToNull.php(31): Illuminate\\Foundation\\Http\\Middleware\\TransformsRequest->handle(Object(Illuminate\\Http\\Request), Object(Closure))
#14 /Users/arthur/Devel/WorkSpaceAI/framework/multi_tenant_saas/vendor/laravel/framework/src/Illuminate/Pipeline/Pipeline.php(209): Illuminate\\Foundation\\Http\\Middleware\\ConvertEmptyStringsToNull->handle(Object(Illuminate\\Http\\Request), Object(Closure))
#15 /Users/arthur/Devel/WorkSpaceAI/framework/multi_tenant_saas/vendor/laravel/framework/src/Illuminate/Foundation/Http/Middleware/TransformsRequest.php(21): Illuminate\\Pipeline\\Pipeline->{closure:{closure:Illuminate\\Pipeline\\Pipeline::carry():184}:185}(Object(Illuminate\\Http\\Request))
#16 /Users/arthur/Devel/WorkSpaceAI/framework/multi_tenant_saas/vendor/laravel/framework/src/Illuminate/Foundation/Http/Middleware/TrimStrings.php(51): Illuminate\\Foundation\\Http\\Middleware\\TransformsRequest->handle(Object(Illuminate\\Http\\Request), Object(Closure))
#17 /Users/arthur/Devel/WorkSpaceAI/framework/multi_tenant_saas/vendor/laravel/framework/src/Illuminate/Pipeline/Pipeline.php(209): Illuminate\\Foundation\\Http\\Middleware\\TrimStrings->handle(Object(Illuminate\\Http\\Request), Object(Closure))
#18 /Users/arthur/Devel/WorkSpaceAI/framework/multi_tenant_saas/vendor/laravel/framework/src/Illuminate/Http/Middleware/ValidatePostSize.php(27): Illuminate\\Pipeline\\Pipeline->{closure:{closure:Illuminate\\Pipeline\\Pipeline::carry():184}:185}(Object(Illuminate\\Http\\Request))
#19 /Users/arthur/Devel/WorkSpaceAI/framework/multi_tenant_saas/vendor/laravel/framework/src/Illuminate/Pipeline/Pipeline.php(209): Illuminate\\Http\\Middleware\\ValidatePostSize->handle(Object(Illuminate\\Http\\Request), Object(Closure))
#20 /Users/arthur/Devel/WorkSpaceAI/framework/multi_tenant_saas/vendor/laravel/framework/src/Illuminate/Foundation/Http/Middleware/PreventRequestsDuringMaintenance.php(110): Illuminate\\Pipeline\\Pipeline->{closure:{closure:Illuminate\\Pipeline\\Pipeline::carry():184}:185}(Object(Illuminate\\Http\\Request))
#21 /Users/arthur/Devel/WorkSpaceAI/framework/multi_tenant_saas/vendor/laravel/framework/src/Illuminate/Pipeline/Pipeline.php(209): Illuminate\\Foundation\\Http\\Middleware\\PreventRequestsDuringMaintenance->handle(Object(Illuminate\\Http\\Request), Object(Closure))
#22 /Users/arthur/Devel/WorkSpaceAI/framework/multi_tenant_saas/vendor/laravel/framework/src/Illuminate/Http/Middleware/HandleCors.php(49): Illuminate\\Pipeline\\Pipeline->{closure:{closure:Illuminate\\Pipeline\\Pipeline::carry():184}:185}(Object(Illuminate\\Http\\Request))
#23 /Users/arthur/Devel/WorkSpaceAI/framework/multi_tenant_saas/vendor/laravel/framework/src/Illuminate/Pipeline/Pipeline.php(209): Illuminate\\Http\\Middleware\\HandleCors->handle(Object(Illuminate\\Http\\Request), Object(Closure))
#24 /Users/arthur/Devel/WorkSpaceAI/framework/multi_tenant_saas/vendor/laravel/framework/src/Illuminate/Http/Middleware/TrustProxies.php(58): Illuminate\\Pipeline\\Pipeline->{closure:{closure:Illuminate\\Pipeline\\Pipeline::carry():184}:185}(Object(Illuminate\\Http\\Request))
#25 /Users/arthur/Devel/WorkSpaceAI/framework/multi_tenant_saas/vendor/laravel/framework/src/Illuminate/Pipeline/Pipeline.php(209): Illuminate\\Http\\Middleware\\TrustProxies->handle(Object(Illuminate\\Http\\Request), Object(Closure))
#26 /Users/arthur/Devel/WorkSpaceAI/framework/multi_tenant_saas/vendor/laravel/framework/src/Illuminate/Foundation/Http/Middleware/InvokeDeferredCallbacks.php(22): Illuminate\\Pipeline\\Pipeline->{closure:{closure:Illuminate\\Pipeline\\Pipeline::carry():184}:185}(Object(Illuminate\\Http\\Request))
#27 /Users/arthur/Devel/WorkSpaceAI/framework/multi_tenant_saas/vendor/laravel/framework/src/Illuminate/Pipeline/Pipeline.php(209): Illuminate\\Foundation\\Http\\Middleware\\InvokeDeferredCallbacks->handle(Object(Illuminate\\Http\\Request), Object(Closure))
#28 /Users/arthur/Devel/WorkSpaceAI/framework/multi_tenant_saas/src/Middleware/IdentifyDomain.php(33): Illuminate\\Pipeline\\Pipeline->{closure:{closure:Illuminate\\Pipeline\\Pipeline::carry():184}:185}(Object(Illuminate\\Http\\Request))
#29 /Users/arthur/Devel/WorkSpaceAI/framework/multi_tenant_saas/vendor/laravel/framework/src/Illuminate/Pipeline/Pipeline.php(209): MultiTenantSaas\\Middleware\\IdentifyDomain->handle(Object(Illuminate\\Http\\Request), Object(Closure))
#30 /Users/arthur/Devel/WorkSpaceAI/framework/multi_tenant_saas/vendor/laravel/framework/src/Illuminate/Pipeline/Pipeline.php(127): Illuminate\\Pipeline\\Pipeline->{closure:{closure:Illuminate\\Pipeline\\Pipeline::carry():184}:185}(Object(Illuminate\\Http\\Request))
#31 /Users/arthur/Devel/WorkSpaceAI/framework/multi_tenant_saas/vendor/laravel/framework/src/Illuminate/Foundation/Http/Kernel.php(176): Illuminate\\Pipeline\\Pipeline->then(Object(Closure))
#32 /Users/arthur/Devel/WorkSpaceAI/framework/multi_tenant_saas/vendor/laravel/framework/src/Illuminate/Foundation/Http/Kernel.php(145): Illuminate\\Foundation\\Http\\Kernel->sendRequestThroughRouter(Object(Illuminate\\Http\\Request))
#33 /Users/arthur/Devel/WorkSpaceAI/framework/multi_tenant_saas/vendor/laravel/framework/src/Illuminate/Foundation/Application.php(1220): Illuminate\\Foundation\\Http\\Kernel->handle(Object(Illuminate\\Http\\Request))
#34 /Users/arthur/Devel/WorkSpaceAI/framework/multi_tenant_saas/public/index.php(17): Illuminate\\Foundation\\Application->handleRequest(Object(Illuminate\\Http\\Request))
#35 {main}
"} 
[2026-06-18 04:05:13] local.ERROR: SQLSTATE[42S02]: Base table or view not found: 1146 Table 'multi_tenant_saas.cache' doesn't exist (Connection: mysql, SQL: select * from `cache` where `key` in (tenant:8094539620840357)) {"exception":"[object] (Illuminate\\Database\\QueryException(code: 42S02): SQLSTATE[42S02]: Base table or view not found: 1146 Table 'multi_tenant_saas.cache' doesn't exist (Connection: mysql, SQL: select * from `cache` where `key` in (tenant:8094539620840357)) at /Users/arthur/Devel/WorkSpaceAI/framework/multi_tenant_saas/vendor/laravel/framework/src/Illuminate/Database/Connection.php:825)
[stacktrace]
#0 /Users/arthur/Devel/WorkSpaceAI/framework/multi_tenant_saas/vendor/laravel/framework/src/Illuminate/Database/Connection.php(779): Illuminate\\Database\\Connection->runQueryCallback('select * from `...', Array, Object(Closure))
#1 /Users/arthur/Devel/WorkSpaceAI/framework/multi_tenant_saas/vendor/laravel/framework/src/Illuminate/Database/Connection.php(398): Illuminate\\Database\\Connection->run('select * from `...', Array, Object(Closure))
#2 /Users/arthur/Devel/WorkSpaceAI/framework/multi_tenant_saas/vendor/laravel/framework/src/Illuminate/Database/Query/Builder.php(3106): Illuminate\\Database\\Connection->select('select * from `...', Array, true)
#3 /Users/arthur/Devel/WorkSpaceAI/framework/multi_tenant_saas/vendor/laravel/framework/src/Illuminate/Database/Query/Builder.php(3091): Illuminate\\Database\\Query\\Builder->runSelect()
#4 /Users/arthur/Devel/WorkSpaceAI/framework/multi_tenant_saas/vendor/laravel/framework/src/Illuminate/Database/Query/Builder.php(3676): Illuminate\\Database\\Query\\Builder->{closure:Illuminate\\Database\\Query\\Builder::get():3090}()
#5 /Users/arthur/Devel/WorkSpaceAI/framework/multi_tenant_saas/vendor/laravel/framework/src/Illuminate/Database/Query/Builder.php(3090): Illuminate\\Database\\Query\\Builder->onceWithColumns(Array, Object(Closure))
#6 /Users/arthur/Devel/WorkSpaceAI/framework/multi_tenant_saas/vendor/laravel/framework/src/Illuminate/Cache/DatabaseStore.php(130): Illuminate\\Database\\Query\\Builder->get()
#7 /Users/arthur/Devel/WorkSpaceAI/framework/multi_tenant_saas/vendor/laravel/framework/src/Illuminate/Cache/DatabaseStore.php(105): Illuminate\\Cache\\DatabaseStore->many(Array)
#8 /Users/arthur/Devel/WorkSpaceAI/framework/multi_tenant_saas/vendor/laravel/framework/src/Illuminate/Cache/Repository.php(117): Illuminate\\Cache\\DatabaseStore->get('tenant:80945396...')
#9 /Users/arthur/Devel/WorkSpaceAI/framework/multi_tenant_saas/vendor/laravel/framework/src/Illuminate/Cache/Repository.php(418): Illuminate\\Cache\\Repository->get('tenant:80945396...')
#10 /Users/arthur/Devel/WorkSpaceAI/framework/multi_tenant_saas/vendor/laravel/framework/src/Illuminate/Cache/CacheManager.php(453): Illuminate\\Cache\\Repository->remember('tenant:80945396...', 3600, Object(Closure))
#11 /Users/arthur/Devel/WorkSpaceAI/framework/multi_tenant_saas/src/Middleware/IdentifyTenant.php(115): Illuminate\\Cache\\CacheManager->__call('remember', Array)
#12 /Users/arthur/Devel/WorkSpaceAI/framework/multi_tenant_saas/src/Middleware/IdentifyTenant.php(38): MultiTenantSaas\\Middleware\\IdentifyTenant->loadTenant(8094539620840357)
#13 /Users/arthur/Devel/WorkSpaceAI/framework/multi_tenant_saas/vendor/laravel/framework/src/Illuminate/Pipeline/Pipeline.php(209): MultiTenantSaas\\Middleware\\IdentifyTenant->handle(Object(Illuminate\\Http\\Request), Object(Closure))
#14 /Users/arthur/Devel/WorkSpaceAI/framework/multi_tenant_saas/vendor/laravel/framework/src/Illuminate/Pipeline/Pipeline.php(127): Illuminate\\Pipeline\\Pipeline->{closure:{closure:Illuminate\\Pipeline\\Pipeline::carry():184}:185}(Object(Illuminate\\Http\\Request))
#15 /Users/arthur/Devel/WorkSpaceAI/framework/multi_tenant_saas/vendor/laravel/framework/src/Illuminate/Routing/Router.php(807): Illuminate\\Pipeline\\Pipeline->then(Object(Closure))
#16 /Users/arthur/Devel/WorkSpaceAI/framework/multi_tenant_saas/vendor/laravel/framework/src/Illuminate/Routing/Router.php(786): Illuminate\\Routing\\Router->runRouteWithinStack(Object(Illuminate\\Routing\\Route), Object(Illuminate\\Http\\Request))
#17 /Users/arthur/Devel/WorkSpaceAI/framework/multi_tenant_saas/vendor/laravel/framework/src/Illuminate/Routing/Router.php(750): Illuminate\\Routing\\Router->runRoute(Object(Illuminate\\Http\\Request), Object(Illuminate\\Routing\\Route))
#18 /Users/arthur/Devel/WorkSpaceAI/framework/multi_tenant_saas/vendor/laravel/framework/src/Illuminate/Routing/Router.php(739): Illuminate\\Routing\\Router->dispatchToRoute(Object(Illuminate\\Http\\Request))
#19 /Users/arthur/Devel/WorkSpaceAI/framework/multi_tenant_saas/vendor/laravel/framework/src/Illuminate/Foundation/Http/Kernel.php(201): Illuminate\\Routing\\Router->dispatch(Object(Illuminate\\Http\\Request))
#20 /Users/arthur/Devel/WorkSpaceAI/framework/multi_tenant_saas/vendor/laravel/framework/src/Illuminate/Pipeline/Pipeline.php(170): Illuminate\\Foundation\\Http\\Kernel->{closure:Illuminate\\Foundation\\Http\\Kernel::dispatchToRouter():198}(Object(Illuminate\\Http\\Request))
#21 /Users/arthur/Devel/WorkSpaceAI/framework/multi_tenant_saas/vendor/laravel/framework/src/Illuminate/Foundation/Http/Middleware/TransformsRequest.php(21): Illuminate\\Pipeline\\Pipeline->{closure:Illuminate\\Pipeline\\Pipeline::prepareDestination():168}(Object(Illuminate\\Http\\Request))
#22 /Users/arthur/Devel/WorkSpaceAI/framework/multi_tenant_saas/vendor/laravel/framework/src/Illuminate/Foundation/Http/Middleware/ConvertEmptyStringsToNull.php(31): Illuminate\\Foundation\\Http\\Middleware\\TransformsRequest->handle(Object(Illuminate\\Http\\Request), Object(Closure))
#23 /Users/arthur/Devel/WorkSpaceAI/framework/multi_tenant_saas/vendor/laravel/framework/src/Illuminate/Pipeline/Pipeline.php(209): Illuminate\\Foundation\\Http\\Middleware\\ConvertEmptyStringsToNull->handle(Object(Illuminate\\Http\\Request), Object(Closure))
#24 /Users/arthur/Devel/WorkSpaceAI/framework/multi_tenant_saas/vendor/laravel/framework/src/Illuminate/Foundation/Http/Middleware/TransformsRequest.php(21): Illuminate\\Pipeline\\Pipeline->{closure:{closure:Illuminate\\Pipeline\\Pipeline::carry():184}:185}(Object(Illuminate\\Http\\Request))
#25 /Users/arthur/Devel/WorkSpaceAI/framework/multi_tenant_saas/vendor/laravel/framework/src/Illuminate/Foundation/Http/Middleware/TrimStrings.php(51): Illuminate\\Foundation\\Http\\Middleware\\TransformsRequest->handle(Object(Illuminate\\Http\\Request), Object(Closure))
#26 /Users/arthur/Devel/WorkSpaceAI/framework/multi_tenant_saas/vendor/laravel/framework/src/Illuminate/Pipeline/Pipeline.php(209): Illuminate\\Foundation\\Http\\Middleware\\TrimStrings->handle(Object(Illuminate\\Http\\Request), Object(Closure))
#27 /Users/arthur/Devel/WorkSpaceAI/framework/multi_tenant_saas/vendor/laravel/framework/src/Illuminate/Http/Middleware/ValidatePostSize.php(27): Illuminate\\Pipeline\\Pipeline->{closure:{closure:Illuminate\\Pipeline\\Pipeline::carry():184}:185}(Object(Illuminate\\Http\\Request))
#28 /Users/arthur/Devel/WorkSpaceAI/framework/multi_tenant_saas/vendor/laravel/framework/src/Illuminate/Pipeline/Pipeline.php(209): Illuminate\\Http\\Middleware\\ValidatePostSize->handle(Object(Illuminate\\Http\\Request), Object(Closure))
#29 /Users/arthur/Devel/WorkSpaceAI/framework/multi_tenant_saas/vendor/laravel/framework/src/Illuminate/Foundation/Http/Middleware/PreventRequestsDuringMaintenance.php(110): Illuminate\\Pipeline\\Pipeline->{closure:{closure:Illuminate\\Pipeline\\Pipeline::carry():184}:185}(Object(Illuminate\\Http\\Request))
#30 /Users/arthur/Devel/WorkSpaceAI/framework/multi_tenant_saas/vendor/laravel/framework/src/Illuminate/Pipeline/Pipeline.php(209): Illuminate\\Foundation\\Http\\Middleware\\PreventRequestsDuringMaintenance->handle(Object(Illuminate\\Http\\Request), Object(Closure))
#31 /Users/arthur/Devel/WorkSpaceAI/framework/multi_tenant_saas/vendor/laravel/framework/src/Illuminate/Http/Middleware/HandleCors.php(49): Illuminate\\Pipeline\\Pipeline->{closure:{closure:Illuminate\\Pipeline\\Pipeline::carry():184}:185}(Object(Illuminate\\Http\\Request))
#32 /Users/arthur/Devel/WorkSpaceAI/framework/multi_tenant_saas/vendor/laravel/framework/src/Illuminate/Pipeline/Pipeline.php(209): Illuminate\\Http\\Middleware\\HandleCors->handle(Object(Illuminate\\Http\\Request), Object(Closure))
#33 /Users/arthur/Devel/WorkSpaceAI/framework/multi_tenant_saas/vendor/laravel/framework/src/Illuminate/Http/Middleware/TrustProxies.php(58): Illuminate\\Pipeline\\Pipeline->{closure:{closure:Illuminate\\Pipeline\\Pipeline::carry():184}:185}(Object(Illuminate\\Http\\Request))
#34 /Users/arthur/Devel/WorkSpaceAI/framework/multi_tenant_saas/vendor/laravel/framework/src/Illuminate/Pipeline/Pipeline.php(209): Illuminate\\Http\\Middleware\\TrustProxies->handle(Object(Illuminate\\Http\\Request), Object(Closure))
#35 /Users/arthur/Devel/WorkSpaceAI/framework/multi_tenant_saas/vendor/laravel/framework/src/Illuminate/Foundation/Http/Middleware/InvokeDeferredCallbacks.php(22): Illuminate\\Pipeline\\Pipeline->{closure:{closure:Illuminate\\Pipeline\\Pipeline::carry():184}:185}(Object(Illuminate\\Http\\Request))
#36 /Users/arthur/Devel/WorkSpaceAI/framework/multi_tenant_saas/vendor/laravel/framework/src/Illuminate/Pipeline/Pipeline.php(209): Illuminate\\Foundation\\Http\\Middleware\\InvokeDeferredCallbacks->handle(Object(Illuminate\\Http\\Request), Object(Closure))
#37 /Users/arthur/Devel/WorkSpaceAI/framework/multi_tenant_saas/src/Middleware/IdentifyDomain.php(33): Illuminate\\Pipeline\\Pipeline->{closure:{closure:Illuminate\\Pipeline\\Pipeline::carry():184}:185}(Object(Illuminate\\Http\\Request))
#38 /Users/arthur/Devel/WorkSpaceAI/framework/multi_tenant_saas/vendor/laravel/framework/src/Illuminate/Pipeline/Pipeline.php(209): MultiTenantSaas\\Middleware\\IdentifyDomain->handle(Object(Illuminate\\Http\\Request), Object(Closure))
#39 /Users/arthur/Devel/WorkSpaceAI/framework/multi_tenant_saas/vendor/laravel/framework/src/Illuminate/Pipeline/Pipeline.php(127): Illuminate\\Pipeline\\Pipeline->{closure:{closure:Illuminate\\Pipeline\\Pipeline::carry():184}:185}(Object(Illuminate\\Http\\Request))
#40 /Users/arthur/Devel/WorkSpaceAI/framework/multi_tenant_saas/vendor/laravel/framework/src/Illuminate/Foundation/Http/Kernel.php(176): Illuminate\\Pipeline\\Pipeline->then(Object(Closure))
#41 /Users/arthur/Devel/WorkSpaceAI/framework/multi_tenant_saas/vendor/laravel/framework/src/Illuminate/Foundation/Http/Kernel.php(145): Illuminate\\Foundation\\Http\\Kernel->sendRequestThroughRouter(Object(Illuminate\\Http\\Request))
#42 /Users/arthur/Devel/WorkSpaceAI/framework/multi_tenant_saas/vendor/laravel/framework/src/Illuminate/Foundation/Application.php(1220): Illuminate\\Foundation\\Http\\Kernel->handle(Object(Illuminate\\Http\\Request))
#43 /Users/arthur/Devel/WorkSpaceAI/framework/multi_tenant_saas/public/index.php(17): Illuminate\\Foundation\\Application->handleRequest(Object(Illuminate\\Http\\Request))
#44 {main}

[previous exception] [object] (PDOException(code: 42S02): SQLSTATE[42S02]: Base table or view not found: 1146 Table 'multi_tenant_saas.cache' doesn't exist at /Users/arthur/Devel/WorkSpaceAI/framework/multi_tenant_saas/vendor/laravel/framework/src/Illuminate/Database/Connection.php:407)
[stacktrace]
#0 /Users/arthur/Devel/WorkSpaceAI/framework/multi_tenant_saas/vendor/laravel/framework/src/Illuminate/Database/Connection.php(407): PDO->prepare('select * from `...')
#1 /Users/arthur/Devel/WorkSpaceAI/framework/multi_tenant_saas/vendor/laravel/framework/src/Illuminate/Database/Connection.php(812): Illuminate\\Database\\Connection->{closure:Illuminate\\Database\\Connection::select():398}('select * from `...', Array)
#2 /Users/arthur/Devel/WorkSpaceAI/framework/multi_tenant_saas/vendor/laravel/framework/src/Illuminate/Database/Connection.php(779): Illuminate\\Database\\Connection->runQueryCallback('select * from `...', Array, Object(Closure))
#3 /Users/arthur/Devel/WorkSpaceAI/framework/multi_tenant_saas/vendor/laravel/framework/src/Illuminate/Database/Connection.php(398): Illuminate\\Database\\Connection->run('select * from `...', Array, Object(Closure))
#4 /Users/arthur/Devel/WorkSpaceAI/framework/multi_tenant_saas/vendor/laravel/framework/src/Illuminate/Database/Query/Builder.php(3106): Illuminate\\Database\\Connection->select('select * from `...', Array, true)
#5 /Users/arthur/Devel/WorkSpaceAI/framework/multi_tenant_saas/vendor/laravel/framework/src/Illuminate/Database/Query/Builder.php(3091): Illuminate\\Database\\Query\\Builder->runSelect()
#6 /Users/arthur/Devel/WorkSpaceAI/framework/multi_tenant_saas/vendor/laravel/framework/src/Illuminate/Database/Query/Builder.php(3676): Illuminate\\Database\\Query\\Builder->{closure:Illuminate\\Database\\Query\\Builder::get():3090}()
#7 /Users/arthur/Devel/WorkSpaceAI/framework/multi_tenant_saas/vendor/laravel/framework/src/Illuminate/Database/Query/Builder.php(3090): Illuminate\\Database\\Query\\Builder->onceWithColumns(Array, Object(Closure))
#8 /Users/arthur/Devel/WorkSpaceAI/framework/multi_tenant_saas/vendor/laravel/framework/src/Illuminate/Cache/DatabaseStore.php(130): Illuminate\\Database\\Query\\Builder->get()
#9 /Users/arthur/Devel/WorkSpaceAI/framework/multi_tenant_saas/vendor/laravel/framework/src/Illuminate/Cache/DatabaseStore.php(105): Illuminate\\Cache\\DatabaseStore->many(Array)
#10 /Users/arthur/Devel/WorkSpaceAI/framework/multi_tenant_saas/vendor/laravel/framework/src/Illuminate/Cache/Repository.php(117): Illuminate\\Cache\\DatabaseStore->get('tenant:80945396...')
#11 /Users/arthur/Devel/WorkSpaceAI/framework/multi_tenant_saas/vendor/laravel/framework/src/Illuminate/Cache/Repository.php(418): Illuminate\\Cache\\Repository->get('tenant:80945396...')
#12 /Users/arthur/Devel/WorkSpaceAI/framework/multi_tenant_saas/vendor/laravel/framework/src/Illuminate/Cache/CacheManager.php(453): Illuminate\\Cache\\Repository->remember('tenant:80945396...', 3600, Object(Closure))
#13 /Users/arthur/Devel/WorkSpaceAI/framework/multi_tenant_saas/src/Middleware/IdentifyTenant.php(115): Illuminate\\Cache\\CacheManager->__call('remember', Array)
#14 /Users/arthur/Devel/WorkSpaceAI/framework/multi_tenant_saas/src/Middleware/IdentifyTenant.php(38): MultiTenantSaas\\Middleware\\IdentifyTenant->loadTenant(8094539620840357)
#15 /Users/arthur/Devel/WorkSpaceAI/framework/multi_tenant_saas/vendor/laravel/framework/src/Illuminate/Pipeline/Pipeline.php(209): MultiTenantSaas\\Middleware\\IdentifyTenant->handle(Object(Illuminate\\Http\\Request), Object(Closure))
#16 /Users/arthur/Devel/WorkSpaceAI/framework/multi_tenant_saas/vendor/laravel/framework/src/Illuminate/Pipeline/Pipeline.php(127): Illuminate\\Pipeline\\Pipeline->{closure:{closure:Illuminate\\Pipeline\\Pipeline::carry():184}:185}(Object(Illuminate\\Http\\Request))
#17 /Users/arthur/Devel/WorkSpaceAI/framework/multi_tenant_saas/vendor/laravel/framework/src/Illuminate/Routing/Router.php(807): Illuminate\\Pipeline\\Pipeline->then(Object(Closure))
#18 /Users/arthur/Devel/WorkSpaceAI/framework/multi_tenant_saas/vendor/laravel/framework/src/Illuminate/Routing/Router.php(786): Illuminate\\Routing\\Router->runRouteWithinStack(Object(Illuminate\\Routing\\Route), Object(Illuminate\\Http\\Request))
#19 /Users/arthur/Devel/WorkSpaceAI/framework/multi_tenant_saas/vendor/laravel/framework/src/Illuminate/Routing/Router.php(750): Illuminate\\Routing\\Router->runRoute(Object(Illuminate\\Http\\Request), Object(Illuminate\\Routing\\Route))
#20 /Users/arthur/Devel/WorkSpaceAI/framework/multi_tenant_saas/vendor/laravel/framework/src/Illuminate/Routing/Router.php(739): Illuminate\\Routing\\Router->dispatchToRoute(Object(Illuminate\\Http\\Request))
#21 /Users/arthur/Devel/WorkSpaceAI/framework/multi_tenant_saas/vendor/laravel/framework/src/Illuminate/Foundation/Http/Kernel.php(201): Illuminate\\Routing\\Router->dispatch(Object(Illuminate\\Http\\Request))
#22 /Users/arthur/Devel/WorkSpaceAI/framework/multi_tenant_saas/vendor/laravel/framework/src/Illuminate/Pipeline/Pipeline.php(170): Illuminate\\Foundation\\Http\\Kernel->{closure:Illuminate\\Foundation\\Http\\Kernel::dispatchToRouter():198}(Object(Illuminate\\Http\\Request))
#23 /Users/arthur/Devel/WorkSpaceAI/framework/multi_tenant_saas/vendor/laravel/framework/src/Illuminate/Foundation/Http/Middleware/TransformsRequest.php(21): Illuminate\\Pipeline\\Pipeline->{closure:Illuminate\\Pipeline\\Pipeline::prepareDestination():168}(Object(Illuminate\\Http\\Request))
#24 /Users/arthur/Devel/WorkSpaceAI/framework/multi_tenant_saas/vendor/laravel/framework/src/Illuminate/Foundation/Http/Middleware/ConvertEmptyStringsToNull.php(31): Illuminate\\Foundation\\Http\\Middleware\\TransformsRequest->handle(Object(Illuminate\\Http\\Request), Object(Closure))
#25 /Users/arthur/Devel/WorkSpaceAI/framework/multi_tenant_saas/vendor/laravel/framework/src/Illuminate/Pipeline/Pipeline.php(209): Illuminate\\Foundation\\Http\\Middleware\\ConvertEmptyStringsToNull->handle(Object(Illuminate\\Http\\Request), Object(Closure))
#26 /Users/arthur/Devel/WorkSpaceAI/framework/multi_tenant_saas/vendor/laravel/framework/src/Illuminate/Foundation/Http/Middleware/TransformsRequest.php(21): Illuminate\\Pipeline\\Pipeline->{closure:{closure:Illuminate\\Pipeline\\Pipeline::carry():184}:185}(Object(Illuminate\\Http\\Request))
#27 /Users/arthur/Devel/WorkSpaceAI/framework/multi_tenant_saas/vendor/laravel/framework/src/Illuminate/Foundation/Http/Middleware/TrimStrings.php(51): Illuminate\\Foundation\\Http\\Middleware\\TransformsRequest->handle(Object(Illuminate\\Http\\Request), Object(Closure))
#28 /Users/arthur/Devel/WorkSpaceAI/framework/multi_tenant_saas/vendor/laravel/framework/src/Illuminate/Pipeline/Pipeline.php(209): Illuminate\\Foundation\\Http\\Middleware\\TrimStrings->handle(Object(Illuminate\\Http\\Request), Object(Closure))
#29 /Users/arthur/Devel/WorkSpaceAI/framework/multi_tenant_saas/vendor/laravel/framework/src/Illuminate/Http/Middleware/ValidatePostSize.php(27): Illuminate\\Pipeline\\Pipeline->{closure:{closure:Illuminate\\Pipeline\\Pipeline::carry():184}:185}(Object(Illuminate\\Http\\Request))
#30 /Users/arthur/Devel/WorkSpaceAI/framework/multi_tenant_saas/vendor/laravel/framework/src/Illuminate/Pipeline/Pipeline.php(209): Illuminate\\Http\\Middleware\\ValidatePostSize->handle(Object(Illuminate\\Http\\Request), Object(Closure))
#31 /Users/arthur/Devel/WorkSpaceAI/framework/multi_tenant_saas/vendor/laravel/framework/src/Illuminate/Foundation/Http/Middleware/PreventRequestsDuringMaintenance.php(110): Illuminate\\Pipeline\\Pipeline->{closure:{closure:Illuminate\\Pipeline\\Pipeline::carry():184}:185}(Object(Illuminate\\Http\\Request))
#32 /Users/arthur/Devel/WorkSpaceAI/framework/multi_tenant_saas/vendor/laravel/framework/src/Illuminate/Pipeline/Pipeline.php(209): Illuminate\\Foundation\\Http\\Middleware\\PreventRequestsDuringMaintenance->handle(Object(Illuminate\\Http\\Request), Object(Closure))
#33 /Users/arthur/Devel/WorkSpaceAI/framework/multi_tenant_saas/vendor/laravel/framework/src/Illuminate/Http/Middleware/HandleCors.php(49): Illuminate\\Pipeline\\Pipeline->{closure:{closure:Illuminate\\Pipeline\\Pipeline::carry():184}:185}(Object(Illuminate\\Http\\Request))
#34 /Users/arthur/Devel/WorkSpaceAI/framework/multi_tenant_saas/vendor/laravel/framework/src/Illuminate/Pipeline/Pipeline.php(209): Illuminate\\Http\\Middleware\\HandleCors->handle(Object(Illuminate\\Http\\Request), Object(Closure))
#35 /Users/arthur/Devel/WorkSpaceAI/framework/multi_tenant_saas/vendor/laravel/framework/src/Illuminate/Http/Middleware/TrustProxies.php(58): Illuminate\\Pipeline\\Pipeline->{closure:{closure:Illuminate\\Pipeline\\Pipeline::carry():184}:185}(Object(Illuminate\\Http\\Request))
#36 /Users/arthur/Devel/WorkSpaceAI/framework/multi_tenant_saas/vendor/laravel/framework/src/Illuminate/Pipeline/Pipeline.php(209): Illuminate\\Http\\Middleware\\TrustProxies->handle(Object(Illuminate\\Http\\Request), Object(Closure))
#37 /Users/arthur/Devel/WorkSpaceAI/framework/multi_tenant_saas/vendor/laravel/framework/src/Illuminate/Foundation/Http/Middleware/InvokeDeferredCallbacks.php(22): Illuminate\\Pipeline\\Pipeline->{closure:{closure:Illuminate\\Pipeline\\Pipeline::carry():184}:185}(Object(Illuminate\\Http\\Request))
#38 /Users/arthur/Devel/WorkSpaceAI/framework/multi_tenant_saas/vendor/laravel/framework/src/Illuminate/Pipeline/Pipeline.php(209): Illuminate\\Foundation\\Http\\Middleware\\InvokeDeferredCallbacks->handle(Object(Illuminate\\Http\\Request), Object(Closure))
#39 /Users/arthur/Devel/WorkSpaceAI/framework/multi_tenant_saas/src/Middleware/IdentifyDomain.php(33): Illuminate\\Pipeline\\Pipeline->{closure:{closure:Illuminate\\Pipeline\\Pipeline::carry():184}:185}(Object(Illuminate\\Http\\Request))
#40 /Users/arthur/Devel/WorkSpaceAI/framework/multi_tenant_saas/vendor/laravel/framework/src/Illuminate/Pipeline/Pipeline.php(209): MultiTenantSaas\\Middleware\\IdentifyDomain->handle(Object(Illuminate\\Http\\Request), Object(Closure))
#41 /Users/arthur/Devel/WorkSpaceAI/framework/multi_tenant_saas/vendor/laravel/framework/src/Illuminate/Pipeline/Pipeline.php(127): Illuminate\\Pipeline\\Pipeline->{closure:{closure:Illuminate\\Pipeline\\Pipeline::carry():184}:185}(Object(Illuminate\\Http\\Request))
#42 /Users/arthur/Devel/WorkSpaceAI/framework/multi_tenant_saas/vendor/laravel/framework/src/Illuminate/Foundation/Http/Kernel.php(176): Illuminate\\Pipeline\\Pipeline->then(Object(Closure))
#43 /Users/arthur/Devel/WorkSpaceAI/framework/multi_tenant_saas/vendor/laravel/framework/src/Illuminate/Foundation/Http/Kernel.php(145): Illuminate\\Foundation\\Http\\Kernel->sendRequestThroughRouter(Object(Illuminate\\Http\\Request))
#44 /Users/arthur/Devel/WorkSpaceAI/framework/multi_tenant_saas/vendor/laravel/framework/src/Illuminate/Foundation/Application.php(1220): Illuminate\\Foundation\\Http\\Kernel->handle(Object(Illuminate\\Http\\Request))
#45 /Users/arthur/Devel/WorkSpaceAI/framework/multi_tenant_saas/public/index.php(17): Illuminate\\Foundation\\Application->handleRequest(Object(Illuminate\\Http\\Request))
#46 {main}
"} 
