[0m[loop-run] === STEP 1: DEV (TASK-005a) ===
state updated: TASK-005a вҶ’ DEV
Warning: Please use the `legacy` build in Node.js environments.
[feishu-plugin] wrote /Users/arthur/.opencode/feishu-plugin-server.json (0600)
[feishu-plugin] server: http://127.0.0.1:64921 workspace=/Users/arthur/.opencode/imbot-workspace
[feishu-plugin] no accounts bound
[media-gen] generate server start failed: 13674 |   server.requestTimeout = 0;
13675 |   server.headersTimeout = 0;
13676 |   return new Promise((resolve, reject) => {
13677 |     const onError = (e) => reject(e);
13678 |     server.once("error", onError);
13679 |     server.listen(opts.port ?? 0, hostname3, () => {
        ^
error: Failed to start server. Is port 51737 in use?
 syscall: "listen",
   errno: 0,
    code: "EADDRINUSE"

      at serve (unknown:1:1)
      at node:_http_server:275:39
      at node:_http_server:252:33
      at /Users/arthur/Library/Application Support/ai.deskfox.app/plugin/media-gen/dist/plugin.js:13679:12
      at Promise (unknown:1:11)
      at serveFetch (/Users/arthur/Library/Application Support/ai.deskfox.app/plugin/media-gen/dist/plugin.js:13676:14)
      at startMediaServer (/Users/arthur/Library/Application Support/ai.deskfox.app/plugin/media-gen/dist/plugin.js:13793:24)
      at /Users/arthur/Library/Application Support/ai.deskfox.app/plugin/media-gen/dist/plugin.js:13817:13
      at bc (/$bunfs/root/chunk-h28h07ft.js:554:15273)
      at ~effect/Utils/internal (/$bunfs/root/chunk-2qvefqem.js:8:1639)
      at /$bunfs/root/chunk-2qvefqem.js:25:5264
      at ~effect/Effect/evaluate (/$bunfs/root/chunk-2qvefqem.js:25:5550)
      at runLoop (/$bunfs/root/chunk-2qvefqem.js:25:2045)
      at evaluate (/$bunfs/root/chunk-2qvefqem.js:25:1435)
      at /$bunfs/root/chunk-2qvefqem.js:25:5589
      at processTicksAndRejections (unknown:7:39)

[0m
> build В· glm-5.2
[0m
[0m$ [0mls -la
total 816
drwxr-xr-x@ 32 arthur  staff    1024 Jun 27 23:23 .
drwxr-xr-x@  4 arthur  staff     128 Jun 23 23:27 ..
drwxr-xr-x@  9 arthur  staff     288 Jun 27 23:23 .ai
-rw-r--r--@  1 arthur  staff     955 Jun 18 12:07 .env
-rw-r--r--@  1 arthur  staff    1692 Jun 23 21:51 .env.example
drwxr-xr-x@ 16 arthur  staff     512 Jun 28 08:03 .git
-rw-r--r--@  1 arthur  staff     447 Jun 27 23:23 .gitignore
drwxr-xr-x@  6 arthur  staff     192 Jun 27 22:55 .mimocode
drwxr-xr-x@  3 arthur  staff      96 Jun 27 23:23 .phpunit.cache
-rw-r--r--@  1 arthur  staff   14295 Jun 27 14:07 AI.md
-rw-r--r--@  1 arthur  staff   13125 Jun 27 14:07 AI.md.bak
drwxr-xr-x@  6 arthur  staff     192 Jun 27 22:55 app
-rw-r--r--@  1 arthur  staff     248 Jun 18 09:22 artisan
drwxr-xr-x@  4 arthur  staff     128 Jun 25 07:35 bootstrap
-rw-r--r--@  1 arthur  staff    7287 Jun 27 13:43 CHANGELOG.md
-rw-r--r--@  1 arthur  staff    2213 Jun 23 21:47 composer.json
-rw-r--r--@  1 arthur  staff  329573 Jun 18 15:01 composer.lock
drwxr-xr-x@ 12 arthur  staff     384 Jun 27 13:43 config
-rw-r--r--@  1 arthur  staff    3183 Jun 24 09:43 CONTRIBUTING.md
drwxr-xr-x@  5 arthur  staff     160 Jun 18 09:25 database
drwxr-xr-x@  8 arthur  staff     256 Jun 27 13:43 docs
drwxr-xr-x@  4 arthur  staff     128 Jun 25 07:35 lang
-rw-r--r--@  1 arthur  staff    1068 Jun 18 09:17 LICENSE
-rw-r--r--@  1 arthur  staff    1260 Jun 27 07:08 phpunit.xml.dist
drwxr-xr-x@  5 arthur  staff     160 Jun 18 16:14 public
-rw-r--r--@  1 arthur  staff    9982 Jun 24 09:40 README.md
drwxr-xr-x@  4 arthur  staff     128 Jun 18 12:47 resources
drwxr-xr-x@  6 arthur  staff     192 Jun 27 07:08 routes
drwxr-xr-x@ 20 arthur  staff     640 Jun 28 00:15 src
drwxr-xr-x@  4 arthur  staff     128 Jun 27 22:55 storage
drwxr-xr-x@ 27 arthur  staff     864 Jun 28 00:15 tests
drwxr-xr-x@ 41 arthur  staff    1312 Jun 18 15:01 vendor
[0m
[0m$ [0mls -la src/
total 24
drwxr-xr-x@ 20 arthur  staff   640 Jun 28 00:15 .
drwxr-xr-x@ 32 arthur  staff  1024 Jun 27 23:23 ..
drwxr-xr-x@  4 arthur  staff   128 Jun 27 00:53 Concerns
drwxr-xr-x@  3 arthur  staff    96 Jun 18 12:42 Console
drwxr-xr-x@  4 arthur  staff   128 Jun 27 06:53 Context
drwxr-xr-x@  4 arthur  staff   128 Jun 27 00:53 Contracts
drwxr-xr-x@  3 arthur  staff    96 Jun 25 07:35 Enums
drwxr-xr-x@  7 arthur  staff   224 Jun 27 07:08 Events
drwxr-xr-x@  6 arthur  staff   192 Jun 25 07:35 Exceptions
drwxr-xr-x@  3 arthur  staff    96 Jun 18 09:28 Helpers
drwxr-xr-x@  4 arthur  staff   128 Jun 27 07:08 Jobs
drwxr-xr-x@  3 arthur  staff    96 Jun 27 07:08 Listeners
drwxr-xr-x@  4 arthur  staff   128 Jun 27 14:07 Mail
drwxr-xr-x@  8 arthur  staff   256 Jun 27 22:55 Middleware
drwxr-xr-x@ 19 arthur  staff   608 Jun 27 22:55 Models
drwxr-xr-x@  6 arthur  staff   192 Jun 25 07:35 Modules
drwxr-xr-x@  3 arthur  staff    96 Jun 18 09:28 Scopes
drwxr-xr-x@ 42 arthur  staff  1344 Jun 28 00:29 Services
-rw-r--r--@  1 arthur  staff  1952 Jun 25 07:35 SwaggerInfo.php
-rw-r--r--@  1 arthur  staff  6058 Jun 28 00:29 TenancyServiceProvider.php
[0m
[0m$ [0mls -la src/Models/ src/Concerns/
src/Concerns/:
total 16
drwxr-xr-x@  4 arthur  staff   128 Jun 27 00:53 .
drwxr-xr-x@ 20 arthur  staff   640 Jun 28 00:15 ..
-rw-r--r--@  1 arthur  staff  1083 Jun 18 09:28 BelongsToTenant.php
-rw-r--r--@  1 arthur  staff   887 Jun 27 00:53 HasGlobalId.php

src/Models/:
total 168
drwxr-xr-x@ 19 arthur  staff   608 Jun 27 22:55 .
drwxr-xr-x@ 20 arthur  staff   640 Jun 28 00:15 ..
-rw-r--r--@  1 arthur  staff   979 Jun 18 09:28 AuditLog.php
-rw-r--r--@  1 arthur  staff  5323 Jun 25 07:35 CreditAccount.php
-rw-r--r--@  1 arthur  staff  2040 Jun 18 09:54 CreditTransaction.php
-rw-r--r--@  1 arthur  staff  1780 Jun 27 00:53 FileUpload.php
-rw-r--r--@  1 arthur  staff  2224 Jun 18 09:54 FinancialRecord.php
-rw-r--r--@  1 arthur  staff  3296 Jun 27 00:53 NotificationPreference.php
-rw-r--r--@  1 arthur  staff  1681 Jun 27 13:43 OauthAccount.php
-rw-r--r--@  1 arthur  staff   921 Jun 27 13:43 PaymentOrder.php
-rw-r--r--@  1 arthur  staff   710 Jun 27 22:55 Permission.php
-rw-r--r--@  1 arthur  staff  1684 Jun 28 00:28 Role.php
-rw-r--r--@  1 arthur  staff  2288 Jun 27 00:53 SubscriptionHistory.php
-rw-r--r--@  1 arthur  staff  1487 Jun 27 00:53 SubscriptionPlan.php
-rw-r--r--@  1 arthur  staff  4400 Jun 18 09:54 SystemSetting.php
-rw-r--r--@  1 arthur  staff  5683 Jun 27 08:33 Tenant.php
-rw-r--r--@  1 arthur  staff  6813 Jun 24 07:34 TenantSetting.php
-rw-r--r--@  1 arthur  staff  1482 Jun 27 08:33 TenantUser.php
-rw-r--r--@  1 arthur  staff  2019 Jun 27 08:33 User.php
[0m
[0mвҶ’ [0mRead src/Concerns/BelongsToTenant.php
[0mвҶ’ [0mRead src/Models/PaymentOrder.php
[0mвҶ’ [0mRead src/Models/SubscriptionPlan.php
[0mвҶ’ [0mRead src/Models/SubscriptionHistory.php
[0mвҶ’ [0mRead src/Models/CreditAccount.php
[0mвҶ’ [0mRead src/Models/FileUpload.php
[0mвҶ’ [0mRead src/Models/Role.php
[0mвҶ’ [0mRead src/Models/CreditTransaction.php
[0m
[0m$ [0mls database/migrations/ 2>/dev/null | head -50
2025_01_01_000001_create_tenants_table.php
2025_01_01_000002_create_tenant_users_table.php
2025_01_01_000003_create_tenant_settings_table.php
2025_01_01_000004_create_audit_logs_table.php
2026_02_16_081047_create_credit_accounts_table.php
2026_02_16_081048_create_financial_records_table.php
2026_02_16_081049_create_credit_transactions_table.php
2026_02_17_012512_create_system_settings_table.php
2026_06_18_034651_create_users_table.php
2026_06_18_040520_create_cache_table.php
2026_06_18_040520_create_sessions_table.php
2026_06_18_070125_create_personal_access_tokens_table.php
2026_06_23_000001_create_password_reset_tokens_table.php
2026_06_24_000001_create_email_verification_tokens_table.php
2026_06_24_000002_create_payment_orders_table.php
2026_06_24_000003_create_user_api_tokens_table.php
2026_06_25_000001_create_rbac_tables.php
2026_06_25_000002_create_notifications_table.php
2026_06_25_000003_create_subscription_plans_table.php
2026_06_25_000004_add_subscription_fields_to_tenants_table.php
2026_06_25_000005_add_credit_expiry_fields_to_credit_accounts_table.php
2026_06_25_000006_create_file_uploads_table.php
2026_06_25_000007_create_notification_preferences_table.php
2026_06_25_000008_create_subscription_histories_table.php
2026_06_25_000009_add_expiry_fields_to_credit_transactions_table.php
2026_06_27_000001_create_user_preferences_table.php
2026_06_27_000002_create_structured_logs_table.php
2026_06_27_000003_create_alert_tables.php
2026_06_27_000004_create_export_tasks_table.php
2026_06_27_000005_create_api_versions_table.php
2026_06_27_000006_create_plugins_tables.php
2026_06_27_000007_create_rate_limit_rules_table.php
2026_06_27_000008_create_payment_security_tables.php
2026_06_27_000009_create_oauth_accounts_table.php
[0m
[0m$ [0mls database/migrations/ | grep -i -E "invoice|tax"
2026_06_27_000010_create_invoices_table.php
[0m
[0mвҶ’ [0mRead database/migrations/2026_06_27_000010_create_invoices_table.php
[0m
[0m$ [0mls database/migrations/ | grep -i -E "invoice_item|tax_rule|tax"
(no output)
[0m
[0mвҶ’ [0mRead database/migrations/2025_01_01_000001_create_tenants_table.php
[0mвҶ’ [0mRead database/migrations/2026_06_24_000002_create_payment_orders_table.php
[0mвҶ’ [0mRead src/Models/Tenant.php
[0m
[0m$ [0mls src/Context/
TenantConfigStore.php
TenantContext.php
[0m
[0mвҶ’ [0mRead src/Context/TenantContext.php
[0m
[0m$ [0mls src/Scopes/
TenantScope.php
[0m
[0mвҶ’ [0mRead src/Scopes/TenantScope.php
[0mвҶ’ [0mRead src/Concerns/HasGlobalId.php
[0m
[0mвҶҗ [0mWrite src/Models/Invoice.php
Wrote file successfully.
[0m
зҺ°еңЁжҲ‘е·Із»Ҹе……еҲҶзҗҶи§ЈдәҶд»Јз Ғеә“зҡ„жЁЎејҸгҖӮи®©жҲ‘жқҘеҲӣе»әиҝҷдёүдёӘжЁЎеһӢгҖӮ
[0mвҶҗ [0mWrite src/Models/InvoiceItem.php
Wrote file successfully.
[0m
[0mвҶҗ [0mWrite src/Models/TaxRule.php
Wrote file successfully.
[0m
зҺ°еңЁи®©жҲ‘йӘҢиҜҒиҝҷдәӣж–Үд»¶жҳҜеҗҰжңүж•ҲпјҢе№¶жЈҖжҹҘжҳҜеҗҰеӯҳеңЁд»»дҪ•иҜӯжі•й—®йўҳгҖӮ
[0m$ [0mphp -l src/Models/Invoice.php && php -l src/Models/InvoiceItem.php && php -l src/Models/TaxRule.php
No syntax errors detected in src/Models/Invoice.php
No syntax errors detected in src/Models/InvoiceItem.php
No syntax errors detected in src/Models/TaxRule.php
[0m
[0m$ [0mls vendor/bin/phpstan vendor/bin/phpcs 2>/dev/null; ls composer.json phpunit.xml.dist
composer.json
phpunit.xml.dist
[0m
[0m$ [0mcomposer dump-autoload --optimize 2>&1 | tail -5
nunomaduro/termwind [90m.[39m[90m.[39m[90m.[39m[90m.[39m[90m.[39m[90m.[39m[90m.[39m[90m.[39m[90m.[39m[90m.[39m[90m.[39m[90m.[39m[90m.[39m[90m.[39m[90m.[39m[90m.[39m[90m.[39m[90m.[39m[90m.[39m[90m.[39m[90m.[39m[90m.[39m[90m.[39m[90m.[39m[90m.[39m[90m.[39m[90m.[39m[90m.[39m[90m.[39m[90m.[39m[90m.[39m[90m.[39m[90m.[39m[90m.[39m[90m.[39m[90m.[39m[90m.[39m[90m.[39m[90m.[39m[90m.[39m[90m.[39m[90m.[39m[90m.[39m[90m.[39m[90m.[39m[90m.[39m[90m.[39m[90m.[39m[90m.[39m[90m.[39m[90m.[39m [32;1mDONE[39;22m
  orchestra/canvas [90m.[39m[90m.[39m[90m.[39m[90m.[39m[90m.[39m[90m.[39m[90m.[39m[90m.[39m[90m.[39m[90m.[39m[90m.[39m[90m.[39m[90m.[39m[90m.[39m[90m.[39m[90m.[39m[90m.[39m[90m.[39m[90m.[39m[90m.[39m[90m.[39m[90m.[39m[90m.[39m[90m.[39m[90m.[39m[90m.[39m[90m.[39m[90m.[39m[90m.[39m[90m.[39m[90m.[39m[90m.[39m[90m.[39m[90m.[39m[90m.[39m[90m.[39m[90m.[39m[90m.[39m[90m.[39m[90m.[39m[90m.[39m[90m.[39m[90m.[39m[90m.[39m[90m.[39m[90m.[39m[90m.[39m[90m.[39m[90m.[39m[90m.[39m[90m.[39m[90m.[39m[90m.[39m[90m.[39m [32;1mDONE[39;22m
  orchestra/canvas-core [90m.[39m[90m.[39m[90m.[39m[90m.[39m[90m.[39m[90m.[39m[90m.[39m[90m.[39m[90m.[39m[90m.[39m[90m.[39m[90m.[39m[90m.[39m[90m.[39m[90m.[39m[90m.[39m[90m.[39m[90m.[39m[90m.[39m[90m.[39m[90m.[39m[90m.[39m[90m.[39m[90m.[39m[90m.[39m[90m.[39m[90m.[39m[90m.[39m[90m.[39m[90m.[39m[90m.[39m[90m.[39m[90m.[39m[90m.[39m[90m.[39m[90m.[39m[90m.[39m[90m.[39m[90m.[39m[90m.[39m[90m.[39m[90m.[39m[90m.[39m[90m.[39m[90m.[39m[90m.[39m[90m.[39m[90m.[39m[90m.[39m [32;1mDONE[39;22m

Generated optimized autoload files containing 6888 classes
[0m
[0m$ [0mgrep -A20 '"scripts"' composer.json | head -25
"scripts": {
        "post-autoload-dump": [
            "Illuminate\\Foundation\\ComposerScripts::postAutoloadDump",
            "@php artisan package:discover --ansi"
        ],
        "post-root-package-install": [
            "@php -r \"file_exists('.env') || copy('.env.example', '.env');\""
        ],
        "post-create-project-cmd": [
            "@php artisan key:generate --ansi"
        ]
    },
    "extra": {
        "laravel": {
            "providers": [
                "MultiTenantSaas\\TenancyServiceProvider"
            ]
        }
    },
    "config": {
        "optimize-autoloader": true,
[0m
[0m$ [0mphp artisan tinker --execute='
use MultiTenantSaas\Models\Invoice;
use MultiTenantSaas\Models\InvoiceItem;
use MultiTenantSaas\Models\TaxRule;

echo "Invoice fillable: " . implode(",", (new Invoice)->getFillable()) . PHP_EOL;
echo "Invoice STATUS_DRAFT: " . Invoice::STATUS_DRAFT . PHP_EOL;
echo "InvoiceItem fillable: " . implode(",", (new InvoiceItem)->getFillable()) . PHP_EOL;
echo "TaxRule fillable: " . implode(",", (new TaxRule)->getFillable()) . PHP_EOL;
echo "Invoice casts: " . json_encode((new Invoice)->getCasts()) . PHP_EOL;
echo "InvoiceItem casts: " . json_encode((new InvoiceItem)->getCasts()) . PHP_EOL;
echo "TaxRule casts: " . json_encode((new TaxRule)->getCasts()) . PHP_EOL;
echo "Invoice uses BelongsToTenant: " . (in_array("MultiTenantSaas\Concerns\BelongsToTenant", class_uses(Invoice::class)) ? "yes" : "no") . PHP_EOL;
echo "InvoiceItem uses BelongsToTenant: " . (in_array("MultiTenantSaas\Concerns\BelongsToTenant", class_uses(InvoiceItem::class)) ? "yes" : "no") . PHP_EOL;
echo "TaxRule uses BelongsToTenant: " . (in_array("MultiTenantSaas\Concerns\BelongsToTenant", class_uses(TaxRule::class)) ? "yes" : "no") . PHP_EOL;
echo "Invoice table: " . (new Invoice)->getTable() . PHP_EOL;
echo "InvoiceItem table: " . (new InvoiceItem)->getTable() . PHP_EOL;
echo "TaxRule table: " . (new TaxRule)->getTable() . PHP_EOL;
' 2>&1
Invoice fillable: tenant_id,invoice_number,subtotal,tax_amount,total,currency,status,issued_at,due_date,subscription_id,payment_order_id
Invoice STATUS_DRAFT: draft
InvoiceItem fillable: tenant_id,invoice_id,description,quantity,unit_price,amount,tax_rate,tax_amount,related_type,related_id
TaxRule fillable: tenant_id,region_code,tax_rate,tax_name,effective_date,expiry_date,is_default
Invoice casts: {"id":"int","subtotal":"decimal:2","tax_amount":"decimal:2","total":"decimal:2","issued_at":"datetime","due_date":"date"}
InvoiceItem casts: {"id":"int","quantity":"decimal:2","unit_price":"decimal:2","amount":"decimal:2","tax_rate":"decimal:4","tax_amount":"decimal:2"}
TaxRule casts: {"id":"int","tax_rate":"decimal:4","effective_date":"date","expiry_date":"date","is_default":"boolean"}
Invoice uses BelongsToTenant: yes
InvoiceItem uses BelongsToTenant: yes
TaxRule uses BelongsToTenant: yes
Invoice table: invoices
InvoiceItem table: invoice_items
TaxRule table: tax_rules
[0m
[0m$ [0mphp artisan tinker --execute='
use MultiTenantSaas\Models\Invoice;
use MultiTenantSaas\Models\InvoiceItem;
use MultiTenantSaas\Models\TaxRule;

// Verify relation methods exist and return correct types
$invoice = new Invoice();
echo "Invoice::items() relation: " . get_class($invoice->items()) . PHP_EOL;
echo "Invoice::tenant() relation: " . get_class($invoice->tenant()) . PHP_EOL;

$item = new InvoiceItem();
echo "InvoiceItem::invoice() relation: " . get_class($item->invoice()) . PHP_EOL;
echo "InvoiceItem::related() relation: " . get_class($item->related()) . PHP_EOL;

$rule = new TaxRule();
echo "TaxRule::tenant() relation: " . get_class($rule->tenant()) . PHP_EOL;

// Test scopeEffective query builder
$query = TaxRule::query()->effective();
echo "scopeEffective SQL: " . $query->toSql() . PHP_EOL;
echo "scopeEffective bindings: " . json_encode($query->getBindings()) . PHP_EOL;
' 2>&1
Invoice::items() relation: Illuminate\Database\Eloquent\Relations\HasMany
Invoice::tenant() relation: Illuminate\Database\Eloquent\Relations\BelongsTo
InvoiceItem::invoice() relation: Illuminate\Database\Eloquent\Relations\BelongsTo
InvoiceItem::related() relation: Illuminate\Database\Eloquent\Relations\MorphTo
TaxRule::tenant() relation: Illuminate\Database\Eloquent\Relations\BelongsTo
scopeEffective SQL: select * from `tax_rules` where `effective_date` <= ? and (`expiry_date` is null or `expiry_date` >= ?)
scopeEffective bindings: ["2026-06-28","2026-06-28"]
[0m
жүҖжңүдёүдёӘжЁЎеһӢеқҮе·ІеҲӣе»әе№¶е®ҢжҲҗйӘҢиҜҒгҖӮд»ҘдёӢжҳҜжҖ»з»“пјҡ

## 1. дҝ®ж”№/ж–°еўһж–Үд»¶

- `src/Models/Invoice.php`пјҲж–°е»әпјү
- `src/Models/InvoiceItem.php`пјҲж–°е»әпјү
- `src/Models/TaxRule.php`пјҲж–°е»әпјү

## 2. жҜҸеӨ„дҝ®ж”№зҡ„ж ёеҝғзӣ®зҡ„

- **Invoice.php**пјҡе»әз«ӢеҸ‘зҘЁдё»жЁЎеһӢпјҢеҢ…еҗ«зҠ¶жҖҒеёёйҮҸпјҲdraft/issued/paid/void/cancelledпјүгҖҒйҮ‘йўқеӯ—ж®ө `decimal:2` castгҖҒ`items()` hasMany дёҺ `tenant()` belongsTo е…іиҒ”пјҢйҖҡиҝҮ `BelongsToTenant` trait е®һзҺ°з§ҹжҲ·йҡ”зҰ»гҖӮ
- **InvoiceItem.php**пјҡе»әз«ӢеҸ‘зҘЁжҳҺз»ҶжЁЎеһӢпјҢеҢ…еҗ«йҮ‘йўқеӯ—ж®ө `decimal:2` дёҺзЁҺзҺҮ `decimal:4` castгҖҒ`invoice()` belongsTo йҖҶеҗ‘е…іиҒ”еҸҠ `related()` еӨҡжҖҒе…іиҒ”пјҲ`related_type`/`related_id`пјүпјҢеҗҢж ·еә”з”Ё `BelongsToTenant` traitгҖӮ
- **TaxRule.php**пјҡе»әз«ӢзЁҺеҠЎи§„еҲҷжЁЎеһӢпјҢеҢ…еҗ«зЁҺзҺҮ `decimal:4`гҖҒж—ҘжңҹдёҺеёғе°”еӯ—ж®ө castпјҢжҸҗдҫӣ `scopeEffective()` жҢүеҪ“еүҚж—ҘжңҹзӯӣйҖүз”ҹж•Ҳи§„еҲҷпјҲ`effective_date <= today` дё” `expiry_date` дёәз©әжҲ– `>= today`пјүпјҢе№¶йҷ„еёҰ `byRegion`гҖҒ`default` scope еҸҠ `isEffective()` иҫ…еҠ©ж–№жі•гҖӮ

## 3. йҒ—з•ҷй—®йўҳ/йңҖдәәе·ҘзЎ®и®Ө

- **TaxRule зҡ„з§ҹжҲ·йҡ”зҰ»иҜӯд№ү**пјҡTask иҰҒжұӮжүҖжңүжЁЎеһӢдҪҝз”Ё `BelongsToTenant` traitпјҢдҪҶзЁҺеҠЎи§„еҲҷйҖҡеёёжҳҜзі»з»ҹзә§/еҢәеҹҹзә§иҖҢйқһз§ҹжҲ·зә§гҖӮеҪ“еүҚе®һзҺ°е·ІжҢү Task иҰҒжұӮеә”з”Ё trait е№¶еңЁ `fillable` дёӯеҢ…еҗ« `tenant_id`гҖӮиӢҘеҗҺз»ӯйңҖиҰҒзі»з»ҹзә§и§„еҲҷпјҲ`tenant_id` дёә nullпјүпјҢйңҖзЎ®и®Ө `TenantScope` еңЁж— з§ҹжҲ·дёҠдёӢж–Үж—¶зҡ„иЎҢдёәпјҲеҪ“еүҚе®һзҺ°пјҡж—  `tenant_id` дёҠдёӢж–ҮеҲҷдёҚеҠ  where иҝҮж»ӨпјҢеҸҜжӯЈеёёжҹҘиҜўе…ЁеұҖи§„еҲҷпјүгҖӮ
- **InvoiceItem/TaxRule зҡ„иҝҒз§»ж–Үд»¶**пјҡд»“еә“дёӯд»…жңү `2026_06_27_000010_create_invoices_table.php`пјҢжңӘеҸ‘зҺ° `invoice_items` дёҺ `tax_rules` зҡ„иҝҒз§»ж–Үд»¶гҖӮжЁЎеһӢдҫқиө–зҡ„иЎЁпјҲ`invoice_items`гҖҒ`tax_rules`пјүе°ҡжңӘеҲӣе»әиҝҒз§»пјҢжң¬ Task иҢғеӣҙеҶ…дёҚеҲӣе»әгҖӮеҗҺз»ӯ Task йңҖиЎҘе……иҝҒз§»д»ҘдҪҝжЁЎеһӢеҸҜз”ЁгҖӮ
- **Invoice зҡ„ `subscription()` / `paymentOrder()` е…іиҒ”**пјҡ`fillable` еҗ« `subscription_id`гҖҒ`payment_order_id`пјҢдҪҶ Task е®һзҺ°иҰҒзӮ№д»…жҳҺзЎ®иҰҒжұӮ `items()` дёҺ `tenant()`пјҢж•…жңӘйўқеӨ–е®ҡд№үиҝҷдёӨдёӘ belongsTo е…іиҒ”гҖӮеҰӮйңҖдҪҝз”ЁпјҢеҸҜеҗҺз»ӯиЎҘе……гҖӮ
[0;32m[loop-run] вң“ DEV е®ҢжҲҗ[0m
[0m[loop-run] === STEP 2: REVIEW з¬¬ 1 иҪ® ===
state updated: TASK-005a вҶ’ REVIEW
[0m[loop-run] Review з»“жһңеҶҷе…Ҙ: /Users/arthur/Devel/WorkSpaceAI/framework/multi_tenant_saas/.ai/review/TASK-005a-review.md
## Architecture

жЁЎеһӢз»“жһ„жё…жҷ°пјҢдёүдёӘжЁЎеһӢиҒҢиҙЈеҲҶжҳҺпјҡInvoiceпјҲеҸ‘зҘЁдё»иЎЁпјүвҶ’ InvoiceItemпјҲжҳҺз»ҶиЎҢйЎ№пјүвҶ’ TaxRuleпјҲзЁҺеҠЎи§„еҲҷпјүгҖӮдҪҝз”Ё `BelongsToTenant` trait е®һзҺ°з§ҹжҲ·йҡ”зҰ»жҳҜжӯЈзЎ®зҡ„жһ¶жһ„йҖүжӢ©пјҢдёҺйЎ№зӣ®ж—ўжңүжЁЎејҸдёҖиҮҙгҖӮ

**й—®йўҳпјҡ**
- Invoice жЁЎеһӢдёӯ `subscription_id` е’Ң `payment_order_id` еңЁ `fillable` дёӯеЈ°жҳҺдәҶпјҢдҪҶжңӘе®ҡд№үеҜ№еә”зҡ„ `belongsTo` е…іиҒ”е…ізі»пјҲеҜ№жҜ” Tenant жЁЎеһӢдёӯ `subscriptionPlan()` е…іиҒ”зҡ„еҶҷжі•пјүгҖӮиҝҷдјҡеҜјиҮҙеҗҺз»ӯдёҡеҠЎд»Јз ҒеҸӘиғҪжүӢеҶҷ `where` иҖҢж— жі•дҪҝз”Ё Eloquent е…іиҒ”еҠ иҪҪпјҢжҳҜдёҖдёӘи®ҫи®ЎйҒ—жјҸгҖӮ
- InvoiceItem зҡ„ `tenant()` е…іиҒ”еңЁ trait `BelongsToTenant` дёӯе·Іе®ҡд№үпјҲи§Ғ `BelongsToTenant.php:42-45`пјүпјҢжЁЎеһӢдёӯеҸҲжҳҫејҸйҮҚеӨҚе®ҡд№үдәҶдёҖж¬ЎгҖӮInvoice е’Ң TaxRule еҗҢзҗҶгҖӮиҷҪз„¶дёҚдјҡжҠҘй”ҷпјҲиҰҶзӣ–пјүпјҢдҪҶеұһдәҺеҶ—дҪҷд»Јз ҒгҖӮ
- TaxRule иҝҒз§»дёӯжІЎжңү `tenant_id` еҲ—пјҢдҪҶжЁЎеһӢзҡ„ `fillable` дёӯеҢ…еҗ« `tenant_id`пјҢдё”дҪҝз”ЁдәҶ `BelongsToTenant` traitгҖӮ**иҝҷжҳҜдёҖдёӘдёҘйҮҚзҡ„дёҚдёҖиҮҙ**вҖ”вҖ”еҰӮжһңжІЎжңүз§ҹжҲ·еҲ—пјҢ`BelongsToTenant` зҡ„ `creating` дәӢд»¶дјҡе°қиҜ•еҶҷе…ҘдёҖдёӘдёҚеӯҳеңЁзҡ„еӯ—ж®өгҖӮ

## Code Quality

- е‘ҪеҗҚи§„иҢғз¬ҰеҗҲ Laravel жғҜдҫӢпјҢеёёйҮҸе®ҡд№үпјҲ`STATUS_DRAFT` зӯүпјүе’Ң `STATUSES` ж•°з»„дҫҝдәҺйӘҢиҜҒе’ҢжһҡдёҫдҪҝз”ЁгҖӮ
- жіЁйҮҠе……еҲҶпјҢдёӯж–Ү PHPDoc жҸҸиҝ°жё…жҷ°гҖӮ
- `scopeEffective()` е®һзҺ°жӯЈзЎ®пјҢдҪҝз”Ёй—ӯеҢ…еҢ…иЈ№ `orWhere` йҒҝе…ҚдәҶеёёи§Ғзҡ„ SQL дјҳе…Ҳзә§й”ҷиҜҜгҖӮ
- `isEffective()` е®һдҫӢж–№жі•дёҺ `scopeEffective()` дҪңз”ЁеҹҹйҖ»иҫ‘дёҖиҮҙпјҢдҝқжҢҒдәҶеҗҢжӯҘгҖӮ
- `scopeByStatus()` зҡ„ `$query` еҸӮж•°зјәе°‘зұ»еһӢж ҮжіЁпјҲеҜ№жҜ” Tenant жЁЎеһӢдёӯдҪҝз”Ё `Builder` зұ»еһӢж ҮжіЁзҡ„еҶҷжі•пјүпјҢдёҺйЎ№зӣ®ж—ўжңүйЈҺж јдёҚе®Ңе…ЁдёҖиҮҙгҖӮ

## Type Safety

- `casts()` ж–№жі•иҝ”еӣһзұ»еһӢж ҮжіЁе®Ңж•ҙгҖӮ
- е…іиҒ”ж–№жі•иҝ”еӣһзұ»еһӢж ҮжіЁе®Ңж•ҙпјҲ`BelongsTo`, `HasMany`, `MorphTo`пјүгҖӮ
- `scopeByStatus($query, string $status)` е’Ң `scopeByRegion($query, string $regionCode)` дёӯ `$query` зјәе°‘ `Builder` зұ»еһӢж ҮжіЁпјҢдёҺйЎ№зӣ®дёӯ Tenant жЁЎеһӢзҡ„ `scopeActive(Builder $query): Builder` еҶҷжі•дёҚдёҖиҮҙгҖӮ
- `scopeEffective($query)` еҗҢзҗҶзјәе°‘зұ»еһӢж ҮжіЁгҖӮ
- Invoice зҡ„йҮ‘йўқеӯ—ж®өпјҲ`subtotal`, `tax_amount`, `total`пјүcast дёә `decimal:2`пјҢз¬ҰеҗҲйңҖжұӮпјӣInvoiceItem зҡ„ `tax_rate` cast дёә `decimal:4`пјҢз¬ҰеҗҲйңҖжұӮгҖӮ

## Security

- дҪҝз”Ё `BelongsToTenant` е…ЁеұҖдҪңз”ЁеҹҹиҮӘеҠЁйҡ”зҰ»з§ҹжҲ·ж•°жҚ®пјҢйҳІжӯўи·Ёз§ҹжҲ·ж•°жҚ®жі„йңІпјҢз¬ҰеҗҲе®үе…ЁиҰҒжұӮгҖӮ
- `fillable` зҷҪеҗҚеҚ•жңәеҲ¶йҳІжӯўдәҶиҙЁйҮҸиөӢеҖјж”»еҮ»гҖӮ
- ж— еҺҹе§Ӣ SQL жӢјжҺҘпјҢе…ЁйғЁдҪҝз”Ё Eloquent еҸӮж•°з»‘е®ҡпјҢж—  SQL жіЁе…ҘйЈҺйҷ©гҖӮ
- жЁЎеһӢжң¬иә«ж—  XSS йЈҺйҷ©пјҲиҫ“еҮәеұӮиҙЈд»»пјүгҖӮ
- ж— ж•Ҹж„ҹж•°жҚ®жҡҙйңІй—®йўҳгҖӮ

## Performance

- `scopeEffective()` дҪҝз”Ё `now()->toDateString()` еңЁжҜҸж¬Ўи°ғз”Ёж—¶жұӮеҖјпјҢдҪҶеңЁеҗҢдёҖиҜ·жұӮдёӯеӨҡж¬Ўи°ғз”Ё scope ж—¶дјҡйҮҚеӨҚи®Ўз®—гҖӮиҝҷжҳҜдёҖдёӘжһҒеҫ®е°Ҹзҡ„ејҖй”ҖпјҢдёҚжһ„жҲҗе®һйҷ…й—®йўҳгҖӮ
- ж—  N+1 жҹҘиҜўйЈҺйҷ©вҖ”вҖ”е…іиҒ”е®ҡд№үжң¬иә«дёҚи§ҰеҸ‘жҹҘиҜўпјҢеҸ–еҶідәҺи°ғз”Ёж–№жҳҜеҗҰдҪҝз”Ё `with()` йў„еҠ иҪҪгҖӮ
- ж— еҶ…еӯҳжі„жјҸйЈҺйҷ©гҖӮ

## Potential Bugs

1. **гҖҗдёҘйҮҚгҖ‘TaxRule иҝҒз§»зјәе°‘ `tenant_id` еҲ—гҖӮ** иҝҒз§»ж–Үд»¶ `2026_06_27_000012_create_tax_rules_table.php` дёӯжІЎжңү `tenant_id` еӯ—ж®өпјҢдҪҶжЁЎеһӢдҪҝз”ЁдәҶ `BelongsToTenant` trait дё” `fillable` еҢ…еҗ« `tenant_id`гҖӮ`BelongsToTenant::bootBelongsToTenant()` зҡ„ `creating` дәӢд»¶дјҡеңЁ `tenant_id` дёәз©әж—¶иҮӘеҠЁеЎ«е……пјҢдҪҶж•°жҚ®еә“дёӯжІЎжңүиҜҘеҲ—пјҢдјҡеҜјиҮҙжҸ’е…ҘеӨұиҙҘгҖӮжӯӨеӨ–пјҢ`TenantScope` е…ЁеұҖдҪңз”Ёеҹҹдјҡе°қиҜ• `where('tenant_id', ...)` жҹҘиҜўдёҖдёӘдёҚеӯҳеңЁзҡ„еҲ—пјҢеҜјиҮҙжҹҘиҜўжҠҘй”ҷгҖӮ
2. **гҖҗдёӯзӯүгҖ‘InvoiceItem иҝҒз§»зјәе°‘ `tenant_id` еҲ—гҖӮ** дёҺ TaxRule зӣёеҗҢзҡ„й—®йўҳвҖ”вҖ”`invoice_items` иҝҒз§»дёӯжІЎжңү `tenant_id` еӯ—ж®өпјҢдҪҶжЁЎеһӢдҪҝз”ЁдәҶ `BelongsToTenant`гҖӮ
3. **гҖҗиҪ»еҫ®гҖ‘Invoice зҡ„ `subscription_id` е’Ң `payment_order_id` ж— е…іиҒ”ж–№жі•гҖӮ** иҷҪз„¶еңЁ `fillable` дёӯпјҢдҪҶж—  BelongsTo е…іиҒ”пјҢеҗҺз»ӯдҪҝз”ЁдёҚдҫҝгҖӮ
4. **гҖҗиҪ»еҫ®гҖ‘BelongsToTenant trait е·Іе®ҡд№ү `tenant()` ж–№жі•пјҢдёүдёӘжЁЎеһӢеқҮйҮҚеӨҚе®ҡд№үгҖӮ** еҠҹиғҪдёҚеҸ—еҪұе“ҚпјҢдҪҶеұһдәҺеҶ—дҪҷгҖӮ

## Verdict

**FAIL**

### гҖҗеҝ…йЎ»дҝ®еӨҚгҖ‘

1. **TaxRule иҝҒз§»зјәе°‘ `tenant_id` еҲ—** вҖ” еңЁ `database/migrations/2026_06_27_000012_create_tax_rules_table.php` дёӯж·»еҠ  `$table->bigInteger('tenant_id')->unsigned()->index();`гҖӮеҗҰеҲҷ `BelongsToTenant` trait зҡ„еҲӣе»әдәӢд»¶е’Ңе…ЁеұҖдҪңз”ЁеҹҹеқҮдјҡжҠҘй”ҷгҖӮ
2. **InvoiceItem иҝҒз§»зјәе°‘ `tenant_id` еҲ—** вҖ” еңЁ `database/migrations/2026_06_27_000011_create_invoice_items_table.php` дёӯж·»еҠ  `$table->bigInteger('tenant_id')->unsigned()->index();`гҖӮеҺҹеӣ еҗҢдёҠгҖӮ
3. **еҲ йҷӨдёүдёӘжЁЎеһӢдёӯйҮҚеӨҚзҡ„ `tenant()` ж–№жі•е®ҡд№ү** вҖ” `BelongsToTenant` trait дёӯе·ІжҸҗдҫӣиҜҘж–№жі•пјҢжЁЎеһӢдёӯзҡ„йҮҚеӨҚе®ҡд№үжҳҜеҶ—дҪҷд»Јз ҒгҖӮеҰӮжһңдҝқз•ҷпјҢдјҡеҜјиҮҙ IDE е’ҢйқҷжҖҒеҲҶжһҗе·Ҙе…·дә§з”ҹжӯ§д№үгҖӮ

[1;33m[loop-run] вҡ  REVIEW FAIL вҖ” иҝӣе…Ҙз¬¬ 1 ж¬Ўдҝ®еӨҚ[0m
state updated: TASK-005a вҶ’ FIX_REQUESTED
[0m[loop-run] === STEP 3: FIX з¬¬ 1 иҪ® ===
[0m
> build В· mimo-v2.5-pro
[0m
[0mвңұ [0mGlob "database/migrations/*invoice_items*"[90m 1 match[0m
[0mвңұ [0mGlob "database/migrations/*tax_rules*"[90m 1 match[0m
[0mвңұ [0mGlob "app/Models/Invoice*.php"[90m 0 matches[0m
[0mвңұ [0mGlob "app/Models/TaxRule.php"[90m 0 matches[0m
[0mвңұ [0mGlob "app/Models/Concerns/BelongsToTenant.php"[90m 0 matches[0m
[0mвңұ [0mGlob "app/**/Invoice.php"[90m 0 matches[0m
[0mвңұ [0mGlob "app/**/InvoiceItem.php"[90m 0 matches[0m
[0mвңұ [0mGlob "app/**/TaxRule.php"[90m 0 matches[0m
[0mвңұ [0mGlob "app/**/BelongsToTenant.php"[90m 0 matches[0m
[0mвңұ [0mGlob "**/Invoice.php"[90m 1 match[0m
[0mвңұ [0mGlob "**/InvoiceItem.php"[90m 1 match[0m
[0mвңұ [0mGlob "**/TaxRule.php"[90m 1 match[0m
[0mвңұ [0mGlob "**/BelongsToTenant.php"[90m 1 match[0m
[0mвҶ’ [0mRead database/migrations/2026_06_27_000011_create_invoice_items_table.php
[0mвҶ’ [0mRead database/migrations/2026_06_27_000012_create_tax_rules_table.php
[0mвҶ’ [0mRead src/Models/Invoice.php
[0mвҶ’ [0mRead src/Models/InvoiceItem.php
[0mвҶ’ [0mRead src/Models/TaxRule.php
[0mвҶ’ [0mRead src/Concerns/BelongsToTenant.php
[0m
[0mвҶҗ [0mEdit database/migrations/2026_06_27_000011_create_invoice_items_table.php
Index: /Users/arthur/Devel/WorkSpaceAI/framework/multi_tenant_saas/database/migrations/2026_06_27_000011_create_invoice_items_table.php
===================================================================
--- /Users/arthur/Devel/WorkSpaceAI/framework/multi_tenant_saas/database/migrations/2026_06_27_000011_create_invoice_items_table.php
+++ /Users/arthur/Devel/WorkSpaceAI/framework/multi_tenant_saas/database/migrations/2026_06_27_000011_create_invoice_items_table.php
@@ -9,8 +9,9 @@
 public function up(): void
 {
     Schema::create('invoice_items', function (Blueprint $table) {
         $table->id();
+        $table->bigInteger('tenant_id')->unsigned()->index();
         $table->unsignedBigInteger('invoice_id');
         $table->string('description');
         $table->decimal('quantity', 8, 2);
         $table->decimal('unit_price', 12, 2);

[0m
[0mвҶҗ [0mEdit database/migrations/2026_06_27_000012_create_tax_rules_table.php
Index: /Users/arthur/Devel/WorkSpaceAI/framework/multi_tenant_saas/database/migrations/2026_06_27_000012_create_tax_rules_table.php
===================================================================
--- /Users/arthur/Devel/WorkSpaceAI/framework/multi_tenant_saas/database/migrations/2026_06_27_000012_create_tax_rules_table.php
+++ /Users/arthur/Devel/WorkSpaceAI/framework/multi_tenant_saas/database/migrations/2026_06_27_000012_create_tax_rules_table.php
@@ -9,8 +9,9 @@
 public function up(): void
 {
     Schema::create('tax_rules', function (Blueprint $table) {
         $table->id();
+        $table->bigInteger('tenant_id')->unsigned()->index();
         $table->string('region_code', 10);
         $table->decimal('tax_rate', 5, 4);
         $table->string('tax_name');
         $table->date('effective_date');

[0m
[0mвҶҗ [0mEdit src/Models/Invoice.php
Index: /Users/arthur/Devel/WorkSpaceAI/framework/multi_tenant_saas/src/Models/Invoice.php
===================================================================
--- /Users/arthur/Devel/WorkSpaceAI/framework/multi_tenant_saas/src/Models/Invoice.php
+++ /Users/arthur/Devel/WorkSpaceAI/framework/multi_tenant_saas/src/Models/Invoice.php
@@ -57,16 +57,8 @@
     ];
 }
 
 /**
- * жүҖеұһз§ҹжҲ·
- */
-public function tenant(): BelongsTo
-{
-    return $this->belongsTo(Tenant::class, 'tenant_id', 'tenant_id');
-}
-
-/**
  * еҸ‘зҘЁжҳҺз»Ҷ
  */
 public function items(): HasMany
 {

[0m
[0mвҶҗ [0mEdit src/Models/InvoiceItem.php
Index: /Users/arthur/Devel/WorkSpaceAI/framework/multi_tenant_saas/src/Models/InvoiceItem.php
===================================================================
--- /Users/arthur/Devel/WorkSpaceAI/framework/multi_tenant_saas/src/Models/InvoiceItem.php
+++ /Users/arthur/Devel/WorkSpaceAI/framework/multi_tenant_saas/src/Models/InvoiceItem.php
@@ -50,16 +50,8 @@
     return $this->belongsTo(Invoice::class, 'invoice_id');
 }
 
 /**
- * жүҖеұһз§ҹжҲ·
- */
-public function tenant(): BelongsTo
-{
-    return $this->belongsTo(Tenant::class, 'tenant_id', 'tenant_id');
-}
-
-/**
  * е…іиҒ”дёҡеҠЎе®һдҪ“пјҲеӨҡжҖҒпјү
  */
 public function related(): MorphTo
 {

[0m
Found all files. Fixing the 3 must-fix issues from the review:
1. InvoiceItem migration: add `tenant_id` column
2. TaxRule migration: add `tenant_id` column
3. Remove duplicate `tenant()` methods from all three models
[0mвҶҗ [0mEdit src/Models/TaxRule.php
Index: /Users/arthur/Devel/WorkSpaceAI/framework/multi_tenant_saas/src/Models/TaxRule.php
===================================================================
--- /Users/arthur/Devel/WorkSpaceAI/framework/multi_tenant_saas/src/Models/TaxRule.php
+++ /Users/arthur/Devel/WorkSpaceAI/framework/multi_tenant_saas/src/Models/TaxRule.php
@@ -37,16 +37,8 @@
     ];
 }
 
 /**
- * жүҖеұһз§ҹжҲ·
- */
-public function tenant(): BelongsTo
-{
-    return $this->belongsTo(Tenant::class, 'tenant_id', 'tenant_id');
-}
-
-/**
  * дҪңз”ЁеҹҹпјҡзӯӣйҖүеҪ“еүҚз”ҹж•Ҳзҡ„зЁҺеҠЎи§„еҲҷ
  *
  * и§„еҲҷз”ҹж•ҲйңҖж»Ўи¶іпјҡeffective_date <= д»ҠеӨ© дё”пјҲexpiry_date дёәз©ә жҲ– expiry_date >= д»ҠеӨ©пјү
  */

[0m
[0mвҶҗ [0mEdit src/Models/Invoice.php
Index: /Users/arthur/Devel/WorkSpaceAI/framework/multi_tenant_saas/src/Models/Invoice.php
===================================================================
--- /Users/arthur/Devel/WorkSpaceAI/framework/multi_tenant_saas/src/Models/Invoice.php
+++ /Users/arthur/Devel/WorkSpaceAI/framework/multi_tenant_saas/src/Models/Invoice.php
@@ -3,9 +3,8 @@
 namespace MultiTenantSaas\Models;
 
 use Illuminate\Database\Eloquent\Factories\HasFactory;
 use Illuminate\Database\Eloquent\Model;
-use Illuminate\Database\Eloquent\Relations\BelongsTo;
 use Illuminate\Database\Eloquent\Relations\HasMany;
 use MultiTenantSaas\Concerns\BelongsToTenant;
 
 /**

[0m
Now let me clean up unused imports after removing the `tenant()` methods.
[0mвҶҗ [0mEdit src/Models/TaxRule.php
Index: /Users/arthur/Devel/WorkSpaceAI/framework/multi_tenant_saas/src/Models/TaxRule.php
===================================================================
--- /Users/arthur/Devel/WorkSpaceAI/framework/multi_tenant_saas/src/Models/TaxRule.php
+++ /Users/arthur/Devel/WorkSpaceAI/framework/multi_tenant_saas/src/Models/TaxRule.php
@@ -3,9 +3,8 @@
 namespace MultiTenantSaas\Models;
 
 use Illuminate\Database\Eloquent\Factories\HasFactory;
 use Illuminate\Database\Eloquent\Model;
-use Illuminate\Database\Eloquent\Relations\BelongsTo;
 use MultiTenantSaas\Concerns\BelongsToTenant;
 
 /**
  * зЁҺеҠЎи§„еҲҷжЁЎеһӢ

[0m
Let me verify the final state of all changes.
[0m$ [0mgrep -n 'tenant_id\|tenant()' src/Models/Invoice.php src/Models/InvoiceItem.php src/Models/TaxRule.php database/migrations/2026_06_27_000011_create_invoice_items_table.php database/migrations/2026_06_27_000012_create_tax_rules_table.php src/Concerns/BelongsToTenant.php
src/Models/Invoice.php:35:        'tenant_id',
src/Models/InvoiceItem.php:22:        'tenant_id',
src/Models/TaxRule.php:20:        'tenant_id',
database/migrations/2026_06_27_000011_create_invoice_items_table.php:13:            $table->bigInteger('tenant_id')->unsigned()->index();
database/migrations/2026_06_27_000012_create_tax_rules_table.php:13:            $table->bigInteger('tenant_id')->unsigned()->index();
src/Concerns/BelongsToTenant.php:23:        // еҲӣе»әж—¶иҮӘеҠЁеЎ«е…… tenant_id
src/Concerns/BelongsToTenant.php:25:            if (empty($model->tenant_id)) {
src/Concerns/BelongsToTenant.php:26:                $model->tenant_id = static::getCurrentTenantId();
src/Concerns/BelongsToTenant.php:42:    public function tenant(): \Illuminate\Database\Eloquent\Relations\BelongsTo
src/Concerns/BelongsToTenant.php:44:        return $this->belongsTo(\MultiTenantSaas\Models\Tenant::class, 'tenant_id', 'tenant_id');
[0m
All fixes applied. Let me check if there's a lint/typecheck command to verify.
[0m$ [0mcat composer.json | python3 -c "import sys,json; d=json.load(sys.stdin); [print(k,v) for k,v in d.get('scripts',{}).items()]"
post-autoload-dump ['Illuminate\\Foundation\\ComposerScripts::postAutoloadDump', '@php artisan package:discover --ansi']
post-root-package-install ['@php -r "file_exists(\'.env\') || copy(\'.env.example\', \'.env\');"']
post-create-project-cmd ['@php artisan key:generate --ansi']
[0m
[0mвңұ [0mGlob "phpstan*"[90m 0 matches[0m
[0mвңұ [0mGlob "pint.json"[90m 0 matches[0m
[0mвңұ [0mGlob "phpunit*"[90m 1 match[0m
[0m
[0m$ [0mphp -l src/Models/Invoice.php && php -l src/Models/InvoiceItem.php && php -l src/Models/TaxRule.php && php -l database/migrations/2026_06_27_000011_create_invoice_items_table.php && php -l database/migrations/2026_06_27_000012_create_tax_rules_table.php
No syntax errors detected in src/Models/Invoice.php
No syntax errors detected in src/Models/InvoiceItem.php
No syntax errors detected in src/Models/TaxRule.php
No syntax errors detected in database/migrations/2026_06_27_000011_create_invoice_items_table.php
No syntax errors detected in database/migrations/2026_06_27_000012_create_tax_rules_table.php
[0m
All fixes applied and syntax verified:

| Issue | Fix |
|---|---|
| InvoiceItem migration зјәе°‘ `tenant_id` | `database/migrations/2026_06_27_000011_create_invoice_items_table.php:13` вҖ” ж·»еҠ  `$table->bigInteger('tenant_id')->unsigned()->index()` |
| TaxRule migration зјәе°‘ `tenant_id` | `database/migrations/2026_06_27_000012_create_tax_rules_table.php:13` вҖ” ж·»еҠ  `$table->bigInteger('tenant_id')->unsigned()->index()` |
| дёүдёӘжЁЎеһӢйҮҚеӨҚе®ҡд№ү `tenant()` | д»Һ InvoiceгҖҒInvoiceItemгҖҒTaxRule дёӯз§»йҷӨеҶ—дҪҷ `tenant()` ж–№жі•пјҢз”ұ `BelongsToTenant` trait з»ҹдёҖжҸҗдҫӣ |
[0;32m[loop-run] вң“ FIX е®ҢжҲҗпјҢйҮҚж–°иҝӣе…Ҙ REVIEW[0m
[0m[loop-run] === STEP 2: REVIEW з¬¬ 2 иҪ® ===
state updated: TASK-005a вҶ’ REVIEW
[0m[loop-run] Review з»“жһңеҶҷе…Ҙ: /Users/arthur/Devel/WorkSpaceAI/framework/multi_tenant_saas/.ai/review/TASK-005a-review.md
Now I have a complete picture. Here is the review:

---

## Architecture
жЁЎеқ—иҫ№з•Ңжё…жҷ°пјҢдёүдёӘжЁЎеһӢиҒҢиҙЈеҚ•дёҖпјҡInvoice иҒҡеҗҲеҸ‘зҘЁеӨҙдҝЎжҒҜпјҢInvoiceItem дёәжҳҺз»ҶиЎҢпјҢTaxRule з®ЎзҗҶзЁҺзҺҮи§„еҲҷгҖӮе…ізі»е®ҡд№үеҗҲзҗҶпјҲInvoice 1:N InvoiceItemпјҢInvoiceItem жңү morphTo еӨҡжҖҒе…іиҒ”пјүгҖӮ`BelongsToTenant` trait еӨҚз”Ёеҫ—еҪ“пјҢиҮӘеҠЁе®һзҺ°з§ҹжҲ·йҡ”зҰ»гҖӮ

**й—®йўҳпјҡзјәе°‘ `HasGlobalId` trait**гҖӮйЎ№зӣ®дёӯ PaymentOrderгҖҒTenantгҖҒSubscriptionPlan зӯүжЁЎеһӢеқҮдҪҝз”Ё `HasGlobalId` з”ҹжҲҗ 16 дҪҚйҡҸжңә IDпјҢиҝҷжҳҜйЎ№зӣ®зҡ„ж ёеҝғи®ҫи®ЎеҶізӯ–пјҲйҳІ ID жһҡдёҫгҖҒе…ЁеұҖе”ҜдёҖгҖҒеҲҶеёғејҸе®үе…ЁпјүгҖӮдёүдёӘж–°жЁЎеһӢеқҮжңӘдҪҝз”ЁиҜҘ traitпјҢиҝҒз§»д№ҹдҪҝз”ЁдәҶ `$table->id()`пјҲиҮӘеўһ IDпјүпјҢдёҺйЎ№зӣ®ж—ўжңүжЁЎејҸдёҚдёҖиҮҙгҖӮеҰӮжһңиҝҷжҳҜжңүж„Ҹдёәд№ӢйңҖеңЁж–ҮжЎЈдёӯиҜҙжҳҺпјҢеҗҰеҲҷеә”иЎҘдёҠ `HasGlobalId` е№¶и°ғж•ҙиҝҒз§»гҖӮ

Invoice жЁЎеһӢзҡ„ `subscription_id` е’Ң `payment_order_id` еңЁ `$fillable` е’ҢиҝҒз§»дёӯеқҮжңүеӨ–й”®еӯ—ж®өпјҢдҪҶжңӘе®ҡд№үеҜ№еә”зҡ„ `subscription()` / `paymentOrder()` е…іиҒ”ж–№жі•гҖӮиҷҪз„¶дёҚеңЁ Task жҳҺзЎ®иҰҒжұӮиҢғеӣҙеҶ…пјҢдҪҶдҪңдёәеӨ–й”®еӯ—ж®өеә”жңүе…іиҒ”е®ҡд№үд»ҘдҫҝеҗҺз»ӯдҪҝз”ЁгҖӮ

## Code Quality
е‘ҪеҗҚи§„иҢғгҖҒдёӯж–Ү docblock йЈҺж јдёҺж—ўжңүжЁЎеһӢдёҖиҮҙгҖӮзҠ¶жҖҒеёёйҮҸе®ҡд№үжё…жҷ°пјҢ`STATUSES` ж•°з»„дҫҝдәҺж ЎйӘҢгҖӮcast дҪҝз”Ё method-based йЈҺж јпјҢз¬ҰеҗҲйЎ№зӣ®жғҜдҫӢгҖӮ

scope ж–№жі• `scopeByStatus`гҖҒ`scopeByRegion` зјәе°‘ `Builder` зұ»еһӢжҸҗзӨәе’Ңиҝ”еӣһзұ»еһӢеЈ°жҳҺпјҢдёҺ Tenant жЁЎеһӢзҡ„ `scopeActive(Builder $query): Builder` йЈҺж јдёҚдёҖиҮҙгҖӮдҪҶ PaymentOrder зӯүз®ҖеҚ•жЁЎеһӢеҗҢж ·зңҒз•ҘпјҢеұһдәҺйЎ№зӣ®еҶ…зҒ°иүІең°еёҰгҖӮ

`InvoiceItem::related()` дёӯ `morphTo(__FUNCTION__, 'related_type', 'related_id')` еҸӮж•°жҳҫејҸдј е…ҘеҲ—еҗҚпјҢиҷҪз„¶ Laravel й»ҳи®ӨеҖјзӣёеҗҢпјҢдҪҶжҳҫејҸеЈ°жҳҺеўһејәдәҶеҸҜиҜ»жҖ§пјҢеҖјеҫ—иӮҜе®ҡгҖӮ

## Type Safety
cast е®ҡд№үе®Ңж•ҙпјҢйҮ‘йўқеӯ—ж®өз»ҹдёҖ `decimal:2`пјҢзЁҺзҺҮ `decimal:4`пјҢеёғе°”/ж—Ҙжңҹзұ»еһӢеқҮе·ІеЈ°жҳҺгҖӮ`morphTo` иҝ”еӣһзұ»еһӢ `MorphTo` е·Іж ҮжіЁгҖӮ`HasMany` е’Ң `BelongsTo` иҝ”еӣһзұ»еһӢеқҮе·ІеЈ°жҳҺгҖӮ

**дёҚи¶і**пјҡscope ж–№жі•зјәе°‘ `Builder` зұ»еһӢжҸҗзӨәпјҲ`$query` ж— зұ»еһӢж ҮжіЁпјүпјҢIDE ж— жі•жҸҗдҫӣиҮӘеҠЁиЎҘе…Ёе’ҢйқҷжҖҒеҲҶжһҗж”ҜжҢҒгҖӮ

## Security
- **SQL жіЁе…Ҙ**пјҡжүҖжңү scope дҪҝз”Ё Eloquent еҸӮж•°еҢ–з»‘е®ҡпјҢж— йЈҺйҷ©гҖӮ
- **з§ҹжҲ·йҡ”зҰ»**пјҡ`BelongsToTenant` йҖҡиҝҮе…ЁеұҖдҪңз”ЁеҹҹиҮӘеҠЁжіЁе…Ҙ `WHERE tenant_id`пјҢеҲӣе»әж—¶иҮӘеҠЁеЎ«е…… `tenant_id`пјҢйҡ”зҰ»жңәеҲ¶е®ҢеӨҮгҖӮ
- **XSS**пјҡжЁЎеһӢеұӮж— иҫ“еҮәйҖ»иҫ‘пјҢдёҚж¶үеҸҠгҖӮ
- **ж•Ҹж„ҹж•°жҚ®жҡҙйңІ**пјҡжЁЎеһӢжңӘе®ҡд№ү `$hidden` жҲ– `$visible`пјҢдҫқиө– API Resource еұӮеҒҡи„ұж•ҸпјҲйЎ№зӣ®е·Іжңүзҡ„жЁЎејҸпјүгҖӮ
- **morphTo жіЁе…Ҙ**пјҡ`related_type` жҺҘеҸ—д»»ж„Ҹзұ»еҗҚпјҢLaravel зҡ„ morph map еҸҜйҷҗеҲ¶еҸҜе®һдҫӢеҢ–зҡ„зұ»пјҢдҪҶеҪ“еүҚжңӘи§Ғ morph map й…ҚзҪ®гҖӮжҒ¶ж„Ҹ `related_type` еҖјеҸҜиғҪеҜјиҮҙж„ҸеӨ–зұ»е®һдҫӢеҢ–вҖ”вҖ”йЈҺйҷ©дҪҺдҪҶеҖјеҫ—е…іжіЁгҖӮ

## Performance
ж—  N+1 й—®йўҳпјҲе…іиҒ”е·Іе®ҡд№үдҪҶжңӘејәеҲ¶ eager loadпјҢз”ұи°ғз”Ёж–№жҺ§еҲ¶пјүгҖӮTaxRule зҡ„ `scopeEffective` еҲ©з”Ё `effective_date` зҙўеј•иҝӣиЎҢиҢғеӣҙжҹҘиҜўпјҢиҝҒз§»дёӯе·Іжңү `effective_date` зҙўеј•ж”Ҝж’‘гҖӮ`nullableMorphs` иҮӘеҠЁеҲӣе»ә `(related_type, related_id)` еӨҚеҗҲзҙўеј•гҖӮInvoice иҝҒз§»жңү `(tenant_id, status)` еӨҚеҗҲзҙўеј•пјҢиҰҶзӣ–жҢүзҠ¶жҖҒзӯӣйҖүеңәжҷҜгҖӮ

ж— дёҚеҝ…иҰҒзҡ„еҫӘзҺҜжҲ–еҶ…еӯҳйЈҺйҷ©гҖӮ

## Potential Bugs
- **TaxRule `isEffective()` еҜ№ null `effective_date` зҡ„еӨ„зҗҶ**пјҡиҝҒз§»дёӯ `effective_date` дёә NOT NULLпјҢдҪҶ `isEffective()` дёӯ `$this->effective_date` зҡ„ null жЈҖжҹҘж„Ҹе‘ізқҖеҰӮжһңйҖҡиҝҮд»Јз Ғи®ҫдёә nullпјҢж–№жі•дјҡи·іиҝҮж—ҘжңҹеҲӨж–ӯзӣҙжҺҘиҝ”еӣһ `true`гҖӮиҷҪз„¶ж•°жҚ®еә“зәҰжқҹйҳ»жӯўдәҶиҝҷз§Қжғ…еҶөпјҢдҪҶйҳІеҫЎжҖ§зј–зЁӢи§’еәҰеә”еҠ  `assert` жҲ–жҠӣејӮеёёгҖӮ
- **morphTo е®үе…Ё**пјҡжңӘй…ҚзҪ® morph mapпјҢ`related_type` иӢҘиў«жіЁе…ҘжҒ¶ж„Ҹзұ»еҗҚпјҲеҰӮ `Illuminate\Support\Facades\App`пјүпјҢLaravel дјҡе°қиҜ•е®һдҫӢеҢ–гҖӮе»әи®®еңЁ `TenancyServiceProvider` дёӯй…ҚзҪ® `Relation::morphMap()` йҷҗеҲ¶еҸҜе…іиҒ”зҡ„жЁЎеһӢгҖӮ
- **еӨ–й”®е®Ңж•ҙжҖ§**пјҡ`subscription_id` е’Ң `payment_order_id` жңӘеңЁиҝҒз§»дёӯе®ҡд№үеӨ–й”®зәҰжқҹпјҢеҲ йҷӨе…іиҒ”и®°еҪ•еҗҺдјҡдә§з”ҹеӯӨе„ҝи®°еҪ•гҖӮиҝҷжҳҜиҝҒз§»еұӮйқўзҡ„й—®йўҳпјҢдёҚеҪұе“ҚжЁЎеһӢд»Јз Ғжң¬иә«гҖӮ

---

## Verdict
**PASS**

### гҖҗе»әи®®ж”№иҝӣгҖ‘

1. **пјҲдёӯпјүиҜ„дј°жҳҜеҗҰйңҖиҰҒ `HasGlobalId`**пјҡйЎ№зӣ®жүҖжңүж ёеҝғжЁЎеһӢеқҮдҪҝз”Ё `HasGlobalId` з”ҹжҲҗ 16 дҪҚйҡҸжңә IDпјҢдёүдёӘж–°жЁЎеһӢдҪҝз”ЁиҮӘеўһ ID жҳҜжҳҫи‘—зҡ„жЁЎејҸеҒҸзҰ»гҖӮиӢҘжңүж„Ҹдёәд№ӢпјҢе»әи®®еңЁиҝҒз§»ж–Үд»¶жҲ–жЁЎеһӢ docblock дёӯжіЁжҳҺзҗҶз”ұпјӣиӢҘдёәз–ҸжјҸпјҢеә”иЎҘдёҠ `HasGlobalId` trait е№¶е°ҶиҝҒз§»зҡ„ `$table->id()` ж”№дёәе…је®№ж–№ејҸгҖӮ

2. **пјҲдҪҺпјүInvoice иЎҘе……е…іиҒ”ж–№жі•**пјҡдёә `subscription_id` е’Ң `payment_order_id` е®ҡд№ү `subscription()` / `paymentOrder()` belongsTo е…іиҒ”пјҢдҫҝдәҺеҗҺз»ӯдёҡеҠЎд»Јз ҒдҪҝз”ЁгҖӮ

3. **пјҲдҪҺпјүscope ж–№жі•иЎҘе…Ёзұ»еһӢжҸҗзӨә**пјҡ`scopeByStatus` е’Ң `scopeByRegion` еҠ дёҠ `Builder` еҸӮж•°зұ»еһӢе’Ңиҝ”еӣһзұ»еһӢпјҢдёҺ Tenant жЁЎеһӢйЈҺж јз»ҹдёҖгҖӮ

4. **пјҲдҪҺпјүй…ҚзҪ® morph map**пјҡеңЁ `TenancyServiceProvider` дёӯдёә `InvoiceItem::related()` й…ҚзҪ® `Relation::morphMap()`пјҢйҷҗеҲ¶еҸҜе®һдҫӢеҢ–зҡ„зұ»зҷҪеҗҚеҚ•пјҢйҳІжӯўжҪңеңЁзҡ„зұ»жіЁе…ҘйЈҺйҷ©гҖӮ

[0;32m[loop-run] вң“ === REVIEW PASS вҖ” TASK-005a е®ҢжҲҗ ===[0m
state updated: TASK-005a вҶ’ TEST
