[0m[loop-run] === STEP 1: DEV (TASK-009a) ===
state updated: TASK-009a → DEV
Warning: Please use the `legacy` build in Node.js environments.
[feishu-plugin] wrote /Users/arthur/.opencode/feishu-plugin-server.json (0600)
[feishu-plugin] server: http://127.0.0.1:58735 workspace=/Users/arthur/.opencode/imbot-workspace
[feishu-plugin] no accounts bound
[media-gen] generate server start failed: 13674 |   server.requestTimeout = 0;
13675 |   server.headersTimeout = 0;
13676 |   return new Promise((resolve, reject) => {
13677 |     const onError = (e) => reject(e);
13678 |     server.once("error", onError);
13679 |     server.listen(opts.port ?? 0, hostname3, () => {
        ^
error: Failed to start server. Is port 51737 in use?
 syscall: "listen",
   errno: 0,
    code: "EADDRINUSE"

      at serve (unknown:1:1)
      at node:_http_server:275:39
      at node:_http_server:252:33
      at /Users/arthur/Library/Application Support/ai.deskfox.app/plugin/media-gen/dist/plugin.js:13679:12
      at Promise (unknown:1:11)
      at serveFetch (/Users/arthur/Library/Application Support/ai.deskfox.app/plugin/media-gen/dist/plugin.js:13676:14)
      at startMediaServer (/Users/arthur/Library/Application Support/ai.deskfox.app/plugin/media-gen/dist/plugin.js:13793:24)
      at /Users/arthur/Library/Application Support/ai.deskfox.app/plugin/media-gen/dist/plugin.js:13817:13
      at bc (/$bunfs/root/chunk-h28h07ft.js:554:15273)
      at ~effect/Utils/internal (/$bunfs/root/chunk-2qvefqem.js:8:1639)
      at /$bunfs/root/chunk-2qvefqem.js:25:5264
      at ~effect/Effect/evaluate (/$bunfs/root/chunk-2qvefqem.js:25:5550)
      at runLoop (/$bunfs/root/chunk-2qvefqem.js:25:2045)
      at evaluate (/$bunfs/root/chunk-2qvefqem.js:25:1435)
      at /$bunfs/root/chunk-2qvefqem.js:25:5589
      at processTicksAndRejections (unknown:7:39)

[0m
> build · glm-5.2
[0m
[0m$ [0mls -la /Users/arthur/Devel/WorkSpaceAI/framework/multi_tenant_saas/
total 840
drwxr-xr-x@ 32 arthur  staff    1024 Jun 28 13:46 .
drwxr-xr-x@  4 arthur  staff     128 Jun 23 23:27 ..
drwxr-xr-x@  9 arthur  staff     288 Jun 28 18:35 .ai
-rw-r--r--@  1 arthur  staff     955 Jun 18 12:07 .env
-rw-r--r--@  1 arthur  staff    1692 Jun 23 21:51 .env.example
drwxr-xr-x@ 16 arthur  staff     512 Jun 28 18:41 .git
-rw-r--r--@  1 arthur  staff     447 Jun 27 23:23 .gitignore
drwxr-xr-x@  6 arthur  staff     192 Jun 27 22:55 .mimocode
drwxr-xr-x@  3 arthur  staff      96 Jun 27 23:23 .phpunit.cache
-rw-r--r--@  1 arthur  staff   14295 Jun 27 14:07 AI.md
-rw-r--r--@  1 arthur  staff   13125 Jun 27 14:07 AI.md.bak
drwxr-xr-x@  6 arthur  staff     192 Jun 27 22:55 app
-rw-r--r--@  1 arthur  staff     248 Jun 18 09:22 artisan
drwxr-xr-x@  4 arthur  staff     128 Jun 25 07:35 bootstrap
-rw-r--r--@  1 arthur  staff   14391 Jun 28 14:20 CHANGELOG.md
-rw-r--r--@  1 arthur  staff    2213 Jun 23 21:47 composer.json
-rw-r--r--@  1 arthur  staff  329573 Jun 18 15:01 composer.lock
drwxr-xr-x@ 12 arthur  staff     384 Jun 28 17:26 config
-rw-r--r--@  1 arthur  staff    3183 Jun 24 09:43 CONTRIBUTING.md
drwxr-xr-x@  5 arthur  staff     160 Jun 18 09:25 database
drwxr-xr-x@  8 arthur  staff     256 Jun 28 13:46 docs
drwxr-xr-x@  4 arthur  staff     128 Jun 25 07:35 lang
-rw-r--r--@  1 arthur  staff    1068 Jun 18 09:17 LICENSE
-rw-r--r--@  1 arthur  staff    1260 Jun 27 07:08 phpunit.xml.dist
drwxr-xr-x@  5 arthur  staff     160 Jun 18 16:14 public
-rw-r--r--@  1 arthur  staff   15995 Jun 28 14:23 README.md
drwxr-xr-x@  4 arthur  staff     128 Jun 18 12:47 resources
drwxr-xr-x@  6 arthur  staff     192 Jun 27 07:08 routes
drwxr-xr-x@ 20 arthur  staff     640 Jun 28 00:15 src
drwxr-xr-x@  4 arthur  staff     128 Jun 27 22:55 storage
drwxr-xr-x@ 35 arthur  staff    1120 Jun 28 18:35 tests
drwxr-xr-x@ 41 arthur  staff    1312 Jun 18 15:01 vendor
[0m
[0m→ [0mRead src
[0m→ [0mRead src/Services
[0m→ [0mRead src/Services/TrialService.php
[0m→ [0mRead src/Services/MailTemplateService.php
[0m→ [0mRead src/Services/TenantService.php
[0m→ [0mRead src/Models
[0m→ [0mRead src/Models/Tenant.php
[0m→ [0mRead src/Models/User.php
