[0m[loop-run] === STEP 1: DEV (TASK-009b) ===
state updated: TASK-009b → DEV
Warning: Please use the `legacy` build in Node.js environments.
[feishu-plugin] wrote /Users/arthur/.opencode/feishu-plugin-server.json (0600)
[feishu-plugin] server: http://127.0.0.1:58734 workspace=/Users/arthur/.opencode/imbot-workspace
[feishu-plugin] no accounts bound
[media-gen] generate server: http://127.0.0.1:51737
[0m
> build · glm-5.2
[0m
[0m→ [0mRead app/Http/Controllers/Api/TenantController.php
[0m→ [0mRead routes/api.php
[0m✱ [0mGrep "onboarding"[90m in . · 44 matches[0m
[0m✱ [0mGrep "Onboarding"[90m in . · 28 matches[0m
[0m→ [0mRead .ai/tasks/TASK-009a.md
[0m→ [0mRead .ai/tasks/TASK-009.md
[0m✱ [0mGlob "**/TenantOnboardingService.php"[90m 0 matches[0m
[0m→ [0mRead .ai/reports/wave4.log
[0m✱ [0mGlob "src/Services/*.php"[90m 48 matches[0m
[0m→ [0mRead .ai/reports/TASK-009a.log
[0m→ [0mRead .ai/reports/TASK-009b.log
让我检查一下 `TASK-009a.log` 的报告，以了解依赖项的状态。
[0m→ [0mRead lang/zh_CN/tenant.php
[0m→ [0mRead lang/en/tenant.php
[0m→ [0mRead src/Services/TenantService.php
我先检查一下语言文件以及一个现有的服务，以了解其模式。
