[0m[loop-run] === STEP 1: DEV (TASK-009c) ===
state updated: TASK-009c → DEV
Warning: Please use the `legacy` build in Node.js environments.
[feishu-plugin] wrote /Users/arthur/.opencode/feishu-plugin-server.json (0600)
[feishu-plugin] server: http://127.0.0.1:58743 workspace=/Users/arthur/.opencode/imbot-workspace
[feishu-plugin] no accounts bound
[media-gen] generate server start failed: 13674 |   server.requestTimeout = 0;
13675 |   server.headersTimeout = 0;
13676 |   return new Promise((resolve, reject) => {
13677 |     const onError = (e) => reject(e);
13678 |     server.once("error", onError);
13679 |     server.listen(opts.port ?? 0, hostname3, () => {
        ^
error: Failed to start server. Is port 51737 in use?
 syscall: "listen",
   errno: 0,
    code: "EADDRINUSE"

      at serve (unknown:1:1)
      at node:_http_server:275:39
      at node:_http_server:252:33
      at /Users/arthur/Library/Application Support/ai.deskfox.app/plugin/media-gen/dist/plugin.js:13679:12
      at Promise (unknown:1:11)
      at serveFetch (/Users/arthur/Library/Application Support/ai.deskfox.app/plugin/media-gen/dist/plugin.js:13676:14)
      at startMediaServer (/Users/arthur/Library/Application Support/ai.deskfox.app/plugin/media-gen/dist/plugin.js:13793:24)
      at /Users/arthur/Library/Application Support/ai.deskfox.app/plugin/media-gen/dist/plugin.js:13817:13
      at bc (/$bunfs/root/chunk-h28h07ft.js:554:15273)
      at ~effect/Utils/internal (/$bunfs/root/chunk-2qvefqem.js:8:1639)
      at /$bunfs/root/chunk-2qvefqem.js:25:5264
      at ~effect/Effect/evaluate (/$bunfs/root/chunk-2qvefqem.js:25:5550)
      at runLoop (/$bunfs/root/chunk-2qvefqem.js:25:2045)
      at evaluate (/$bunfs/root/chunk-2qvefqem.js:25:1435)
      at /$bunfs/root/chunk-2qvefqem.js:25:5589
      at processTicksAndRejections (unknown:7:39)

[0m
> build · glm-5.2
[0m
[0m$ [0mls -la /Users/arthur/Devel/WorkSpaceAI/framework/multi_tenant_saas
total 840
drwxr-xr-x@ 32 arthur  staff    1024 Jun 28 13:46 .
drwxr-xr-x@  4 arthur  staff     128 Jun 23 23:27 ..
drwxr-xr-x@  9 arthur  staff     288 Jun 28 18:35 .ai
-rw-r--r--@  1 arthur  staff     955 Jun 18 12:07 .env
-rw-r--r--@  1 arthur  staff    1692 Jun 23 21:51 .env.example
drwxr-xr-x@ 16 arthur  staff     512 Jun 28 18:41 .git
-rw-r--r--@  1 arthur  staff     447 Jun 27 23:23 .gitignore
drwxr-xr-x@  6 arthur  staff     192 Jun 27 22:55 .mimocode
drwxr-xr-x@  3 arthur  staff      96 Jun 27 23:23 .phpunit.cache
-rw-r--r--@  1 arthur  staff   14295 Jun 27 14:07 AI.md
-rw-r--r--@  1 arthur  staff   13125 Jun 27 14:07 AI.md.bak
drwxr-xr-x@  6 arthur  staff     192 Jun 27 22:55 app
-rw-r--r--@  1 arthur  staff     248 Jun 18 09:22 artisan
drwxr-xr-x@  4 arthur  staff     128 Jun 25 07:35 bootstrap
-rw-r--r--@  1 arthur  staff   14391 Jun 28 14:20 CHANGELOG.md
-rw-r--r--@  1 arthur  staff    2213 Jun 23 21:47 composer.json
-rw-r--r--@  1 arthur  staff  329573 Jun 18 15:01 composer.lock
drwxr-xr-x@ 12 arthur  staff     384 Jun 28 17:26 config
-rw-r--r--@  1 arthur  staff    3183 Jun 24 09:43 CONTRIBUTING.md
drwxr-xr-x@  5 arthur  staff     160 Jun 18 09:25 database
drwxr-xr-x@  8 arthur  staff     256 Jun 28 13:46 docs
drwxr-xr-x@  4 arthur  staff     128 Jun 25 07:35 lang
-rw-r--r--@  1 arthur  staff    1068 Jun 18 09:17 LICENSE
-rw-r--r--@  1 arthur  staff    1260 Jun 27 07:08 phpunit.xml.dist
drwxr-xr-x@  5 arthur  staff     160 Jun 18 16:14 public
-rw-r--r--@  1 arthur  staff   15995 Jun 28 14:23 README.md
drwxr-xr-x@  4 arthur  staff     128 Jun 18 12:47 resources
drwxr-xr-x@  6 arthur  staff     192 Jun 27 07:08 routes
drwxr-xr-x@ 20 arthur  staff     640 Jun 28 00:15 src
drwxr-xr-x@  4 arthur  staff     128 Jun 27 22:55 storage
drwxr-xr-x@ 35 arthur  staff    1120 Jun 28 18:35 tests
drwxr-xr-x@ 41 arthur  staff    1312 Jun 18 15:01 vendor
[0m
[0m✱ [0mGlob "app/Http/Resources/TenantResource.php"[90m 1 match[0m
[0m✱ [0mGlob "**/TenantOnboarding*"[90m 0 matches[0m
I'll first explore the codebase to understand the existing structure before making changes.
[0m✱ [0mGlob "**/TrialService*"[90m 2 matches[0m
[0m→ [0mRead app/Http/Resources/TenantResource.php
[0m→ [0mRead src/Services/TrialService.php
[0m→ [0mRead tests/TrialServiceTest.php
Let me explore the relevant files in parallel.
[0m
[0m$ [0mls -la /Users/arthur/Devel/WorkSpaceAI/framework/multi_tenant_saas/tests
total 712
drwxr-xr-x@ 35 arthur  staff   1120 Jun 28 18:35 .
drwxr-xr-x@ 32 arthur  staff   1024 Jun 28 13:46 ..
-rw-r--r--@  1 arthur  staff   9174 Jun 27 23:23 AlertServiceTest.php
-rw-r--r--@  1 arthur  staff   1517 Jun 28 00:05 AlipayOAuthTest.php
-rw-r--r--@  1 arthur  staff   6462 Jun 27 23:23 CacheServiceTest.php
-rw-r--r--@  1 arthur  staff   8521 Jun 27 00:53 ControllerTest.php
-rw-r--r--@  1 arthur  staff  13432 Jun 27 22:55 CoreServicesTest.php
-rw-r--r--@  1 arthur  staff  15916 Jun 28 13:56 CouponServiceTest.php
-rw-r--r--@  1 arthur  staff    245 Jun 18 09:34 Customer.php
-rw-r--r--@  1 arthur  staff   3331 Jun 27 17:51 DataIsolationTest.php
-rw-r--r--@  1 arthur  staff   8337 Jun 28 18:12 DunningServiceTest.php
-rw-r--r--@  1 arthur  staff   8775 Jun 27 23:23 ExportServiceTest.php
-rw-r--r--@  1 arthur  staff   2015 Jun 24 07:33 IdGeneratorTest.php
-rw-r--r--@  1 arthur  staff   9867 Jun 28 13:22 InvoiceServiceTest.php
-rw-r--r--@  1 arthur  staff  13935 Jun 28 18:35 MailTemplateServiceTest.php
-rw-r--r--@  1 arthur  staff  10605 Jun 27 23:23 PaymentSecurityServiceTest.php
-rw-r--r--@  1 arthur  staff   8354 Jun 27 23:23 PayPalServiceTest.php
-rw-r--r--@  1 arthur  staff  10844 Jun 27 23:23 PerformanceServiceTest.php
-rw-r--r--@  1 arthur  staff  12344 Jun 28 18:17 PlanChangeServiceTest.php
-rw-r--r--@  1 arthur  staff  10972 Jun 27 23:23 PluginServiceTest.php
-rw-r--r--@  1 arthur  staff   4934 Jun 27 23:23 QueueServiceTest.php
-rw-r--r--@  1 arthur  staff   6244 Jun 27 23:23 RateLimitServiceTest.php
-rw-r--r--@  1 arthur  staff   9756 Jun 27 23:23 RbacServiceTest.php
-rw-r--r--@  1 arthur  staff   8053 Jun 27 23:23 StripeServiceTest.php
-rw-r--r--@  1 arthur  staff   8625 Jun 27 23:23 SubscriptionServiceTest.php
-rw-r--r--@  1 arthur  staff   9003 Jun 28 13:22 TaxServiceTest.php
-rw-r--r--@  1 arthur  staff   2074 Jun 24 07:09 TenantContextTest.php
-rw-r--r--@  1 arthur  staff   9521 Jun 27 23:23 TenantCreditServiceTest.php
-rw-r--r--@  1 arthur  staff  11977 Jun 27 23:23 TenantProfileServiceTest.php
-rw-r--r--@  1 arthur  staff   2564 Jun 24 07:33 TenantScopeTest.php
-rw-r--r--@  1 arthur  staff   2331 Jun 24 07:33 TenantSettingTest.php
-rw-r--r--@  1 arthur  staff  26648 Jun 28 18:35 TestCase.php
-rw-r--r--@  1 arthur  staff  10080 Jun 28 13:48 TrialServiceTest.php
-rw-r--r--@  1 arthur  staff   6780 Jun 27 23:23 UnionPayServiceTest.php
-rw-r--r--@  1 arthur  staff  12510 Jun 28 18:15 UsageServiceTest.php
[0m
[0m✱ [0mGrep "onboarding"[90m in . · 46 matches[0m
[0m✱ [0mGlob "**/Controllers/**/*.php"[90m 20 matches[0m
[0m✱ [0mGlob "**/Models/Tenant.php"[90m 1 match[0m
Let me search for any existing onboarding-related code and understand the Tenant model structure.
[0m
[0m$ [0mls /Users/arthur/Devel/WorkSpaceAI/framework/multi_tenant_saas/app/Http/Controllers/ 2>/dev/null; echo "---"; ls /Users/arthur/Devel/WorkSpaceAI/framework/multi_tenant_saas/src/ 2>/dev/null
Api
Concerns
Controller.php
SpaController.php
---
Concerns
Console
Context
Contracts
Enums
Events
Exceptions
Helpers
Jobs
Listeners
Mail
Middleware
Models
Modules
Scopes
Services
SwaggerInfo.php
TenancyServiceProvider.php
[0m
[0m→ [0mRead .ai/tasks/TASK-009a.md
[0m→ [0mRead .ai/tasks/TASK-009b.md
[0m→ [0mRead .ai/tasks/TASK-009c.md
[0m→ [0mRead src/Models/Tenant.php
Let me read the task definitions and check the current state of the Tenant model and TenantController.
[0m→ [0mRead .ai/tasks/TASK-009.md
[0m→ [0mRead app/Http/Controllers/Api/TenantController.php
[0m→ [0mRead routes/api.php
Let me read the parent TASK-009 and check the existing TenantController and routes to understand the full design.
